Using pre-set license
Built from '2021.3/staging' branch; Version is '2021.3.15f1 (e8e88683f834) revision 15263878'; Using compiler version '192829333'; Build Type 'Release'
OS: 'Windows 10  (10.0.19044) 64bit Professional' Language: 'tr' Physical Memory: 16163 MB
BatchMode: 1, IsHumanControllingUs: 0, StartBugReporterOnCrash: 0, Is64bit: 1, IsPro: 1

COMMAND LINE ARGUMENTS:
C:\Program Files\Unity\Hub\Editor\2021.3.15f1\Editor\Unity.exe
-adb2
-batchMode
-noUpm
-name
AssetImportWorker3
-projectPath
C:/Users/ND/Documents/UNITY/FlyingController
-logFile
Logs/AssetImportWorker3.log
-srvPort
60382
Successfully changed project path to: C:/Users/ND/Documents/UNITY/FlyingController
C:/Users/ND/Documents/UNITY/FlyingController
[UnityMemory] Configuration Parameters - Can be set up in boot.config
    "memorysetup-bucket-allocator-granularity=16"
    "memorysetup-bucket-allocator-bucket-count=8"
    "memorysetup-bucket-allocator-block-size=33554432"
    "memorysetup-bucket-allocator-block-count=8"
    "memorysetup-main-allocator-block-size=16777216"
    "memorysetup-thread-allocator-block-size=16777216"
    "memorysetup-gfx-main-allocator-block-size=16777216"
    "memorysetup-gfx-thread-allocator-block-size=16777216"
    "memorysetup-cache-allocator-block-size=4194304"
    "memorysetup-typetree-allocator-block-size=2097152"
    "memorysetup-profiler-bucket-allocator-granularity=16"
    "memorysetup-profiler-bucket-allocator-bucket-count=8"
    "memorysetup-profiler-bucket-allocator-block-size=33554432"
    "memorysetup-profiler-bucket-allocator-block-count=8"
    "memorysetup-profiler-allocator-block-size=16777216"
    "memorysetup-profiler-editor-allocator-block-size=1048576"
    "memorysetup-temp-allocator-size-main=16777216"
    "memorysetup-job-temp-allocator-block-size=2097152"
    "memorysetup-job-temp-allocator-block-size-background=1048576"
    "memorysetup-job-temp-allocator-reduction-small-platforms=262144"
    "memorysetup-temp-allocator-size-background-worker=32768"
    "memorysetup-temp-allocator-size-job-worker=262144"
    "memorysetup-temp-allocator-size-preload-manager=33554432"
    "memorysetup-temp-allocator-size-nav-mesh-worker=65536"
    "memorysetup-temp-allocator-size-audio-worker=65536"
    "memorysetup-temp-allocator-size-cloud-worker=32768"
    "memorysetup-temp-allocator-size-gi-baking-worker=262144"
    "memorysetup-temp-allocator-size-gfx=262144"
Player connection [26728] Host "[IP] 192.168.1.138 [Port] 0 [Flags] 2 [Guid] 1011793719 [EditorId] 1011793719 [Version] 1048832 [Id] WindowsEditor(7,DESKTOP-ULBTV1P) [Debug] 1 [PackageName] WindowsEditor [ProjectName] Editor" joined multi-casting on [225.0.0.222:54997]...

Player connection [26728] Host "[IP] 192.168.1.138 [Port] 0 [Flags] 2 [Guid] 1011793719 [EditorId] 1011793719 [Version] 1048832 [Id] WindowsEditor(7,DESKTOP-ULBTV1P) [Debug] 1 [PackageName] WindowsEditor [ProjectName] Editor" joined alternative multi-casting on [225.0.0.222:34997]...

Refreshing native plugins compatible for Editor in 82.48 ms, found 3 plugins.
Preloading 0 native plugins for Editor in 0.00 ms.
Initialize engine version: 2021.3.15f1 (e8e88683f834)
[Subsystems] Discovering subsystems at path C:/Program Files/Unity/Hub/Editor/2021.3.15f1/Editor/Data/Resources/UnitySubsystems
[Subsystems] Discovering subsystems at path C:/Users/ND/Documents/UNITY/FlyingController/Assets
GfxDevice: creating device client; threaded=0; jobified=0
Direct3D:
    Version:  Direct3D 11.0 [level 11.1]
    Renderer: NVIDIA GeForce RTX 3050 Ti Laptop GPU (ID=0x25a0)
    Vendor:   NVIDIA
    VRAM:     3990 MB
    Driver:   31.0.15.1694
Initialize mono
Mono path[0] = 'C:/Program Files/Unity/Hub/Editor/2021.3.15f1/Editor/Data/Managed'
Mono path[1] = 'C:/Program Files/Unity/Hub/Editor/2021.3.15f1/Editor/Data/MonoBleedingEdge/lib/mono/unityjit-win32'
Mono config path = 'C:/Program Files/Unity/Hub/Editor/2021.3.15f1/Editor/Data/MonoBleedingEdge/etc'
Using monoOptions --debugger-agent=transport=dt_socket,embedding=1,server=y,suspend=n,address=127.0.0.1:56104
Begin MonoManager ReloadAssembly
Registering precompiled unity dll's ...
Register platform support module: C:/Program Files/Unity/Hub/Editor/2021.3.15f1/Editor/Data/PlaybackEngines/WebGLSupport/UnityEditor.WebGL.Extensions.dll
Register platform support module: C:/Program Files/Unity/Hub/Editor/2021.3.15f1/Editor/Data/PlaybackEngines/WindowsStandaloneSupport/UnityEditor.WindowsStandalone.Extensions.dll
Registered in 0.005046 seconds.
Native extension for WindowsStandalone target not found
Native extension for WebGL target not found
Refreshing native plugins compatible for Editor in 76.63 ms, found 3 plugins.
Preloading 0 native plugins for Editor in 0.00 ms.
Mono: successfully reloaded assembly
- Completed reload, in  0.510 seconds
Domain Reload Profiling:
	ReloadAssembly (510ms)
		BeginReloadAssembly (56ms)
			ExecutionOrderSort (0ms)
			DisableScriptedObjects (0ms)
			BackupInstance (0ms)
			ReleaseScriptingObjects (0ms)
			CreateAndSetChildDomain (1ms)
		EndReloadAssembly (368ms)
			LoadAssemblies (55ms)
			RebuildTransferFunctionScriptingTraits (0ms)
			SetupTypeCache (83ms)
			ReleaseScriptCaches (0ms)
			RebuildScriptCaches (25ms)
			SetupLoadedEditorAssemblies (219ms)
				LogAssemblyErrors (0ms)
				InitializePlatformSupportModulesInManaged (8ms)
				SetLoadedEditorAssemblies (0ms)
				RefreshPlugins (77ms)
				BeforeProcessingInitializeOnLoad (1ms)
				ProcessInitializeOnLoadAttributes (97ms)
				ProcessInitializeOnLoadMethodAttributes (36ms)
				AfterProcessingInitializeOnLoad (0ms)
				EditorAssembliesLoaded (0ms)
			ExecutionOrderSort2 (0ms)
			AwakeInstancesAfterBackupRestoration (0ms)
Platform modules already initialized, skipping
Registering precompiled user dll's ...
Registered in 0.004330 seconds.
Begin MonoManager ReloadAssembly
Symbol file LoadedFromMemory doesn't match image C:\Users\ND\Documents\UNITY\FlyingController\Library\PackageCache\com.unity.visualscripting@1.7.8\Editor\VisualScripting.Core\Dependencies\YamlDotNet\Unity.VisualScripting.YamlDotNet.dll
Symbol file LoadedFromMemory doesn't match image C:\Users\ND\Documents\UNITY\FlyingController\Library\PackageCache\com.unity.visualscripting@1.7.8\Editor\VisualScripting.Core\Dependencies\DotNetZip\Unity.VisualScripting.IonicZip.dll
Native extension for WindowsStandalone target not found
Native extension for WebGL target not found
Refreshing native plugins compatible for Editor in 82.01 ms, found 3 plugins.
Preloading 0 native plugins for Editor in 0.00 ms.
Mono: successfully reloaded assembly
- Completed reload, in  0.976 seconds
Domain Reload Profiling:
	ReloadAssembly (977ms)
		BeginReloadAssembly (85ms)
			ExecutionOrderSort (0ms)
			DisableScriptedObjects (5ms)
			BackupInstance (0ms)
			ReleaseScriptingObjects (0ms)
			CreateAndSetChildDomain (17ms)
		EndReloadAssembly (798ms)
			LoadAssemblies (63ms)
			RebuildTransferFunctionScriptingTraits (0ms)
			SetupTypeCache (222ms)
			ReleaseScriptCaches (1ms)
			RebuildScriptCaches (45ms)
			SetupLoadedEditorAssemblies (435ms)
				LogAssemblyErrors (0ms)
				InitializePlatformSupportModulesInManaged (5ms)
				SetLoadedEditorAssemblies (0ms)
				RefreshPlugins (82ms)
				BeforeProcessingInitializeOnLoad (78ms)
				ProcessInitializeOnLoadAttributes (248ms)
				ProcessInitializeOnLoadMethodAttributes (16ms)
				AfterProcessingInitializeOnLoad (5ms)
				EditorAssembliesLoaded (0ms)
			ExecutionOrderSort2 (0ms)
			AwakeInstancesAfterBackupRestoration (5ms)
Platform modules already initialized, skipping
========================================================================
Worker process is ready to serve import requests
Launched and connected shader compiler UnityShaderCompiler.exe after 0.03 seconds
Refreshing native plugins compatible for Editor in 1.20 ms, found 3 plugins.
Preloading 0 native plugins for Editor in 0.00 ms.
Unloading 3880 Unused Serialized files (Serialized files now loaded: 0)
Unloading 43 unused Assets / (185.7 KB). Loaded Objects now: 4356.
Memory consumption went from 209.2 MB to 209.1 MB.
Total: 3.100100 ms (FindLiveObjects: 0.315100 ms CreateObjectMapping: 0.128300 ms MarkObjects: 2.525000 ms  DeleteObjects: 0.130700 ms)

AssetImportParameters requested are different than current active one (requested -> active):
  custom:video-decoder-ogg-theora: a1e56fd34408186e4bbccfd4996cb3dc -> 
  custom:container-muxer-webm: aa71ff27fc2769a1b78a27578f13a17b -> 
  custom:container-demuxer-webm: 4f35f7cbe854078d1ac9338744f61a02 -> 
  custom:video-encoder-webm-vp8: eb34c28f22e8b96e1ab97ce403110664 -> 
  custom:audio-encoder-webm-vorbis: bf7c407c2cedff20999df2af8eb42d56 -> 
  custom:framework-win-MediaFoundation: 216162199b28c13a410421893ffa2e32 -> 
  custom:container-demuxer-ogg: 62fdf1f143b41e24485cea50d1cbac27 -> 
  custom:video-decoder-webm-vp8: 9c59270c3fd7afecdb556c50c9e8de78 -> 
  custom:audio-decoder-ogg-vorbis: bf7c407c2cedff20999df2af8eb42d56 -> 
========================================================================
Received Import Request.
  Time since last request: 968170.999203 seconds.
  path: Assets/Polytope Studio/Lowpoly_Village/Prefabs/PT_Modular_Fence_Wood_02.prefab
  artifactKey: Guid(ae358aa425fe140409d8a560f4492730) Importer(815301076,1909f56bfc062723c751e8b465ee728b)
Start importing Assets/Polytope Studio/Lowpoly_Village/Prefabs/PT_Modular_Fence_Wood_02.prefab using Guid(ae358aa425fe140409d8a560f4492730) Importer(815301076,1909f56bfc062723c751e8b465ee728b)  -> (artifact id: '086a724c49b0bce533b20595e2f8f337') in 0.455668 seconds 
========================================================================
Received Import Request.
  Time since last request: 215.336756 seconds.
  path: Assets/Flowers/FBX/BlueFLower_2.fbx
  artifactKey: Guid(130d74dfda976e044a5b13e41f079794) Importer(815301076,1909f56bfc062723c751e8b465ee728b)
Start importing Assets/Flowers/FBX/BlueFLower_2.fbx using Guid(130d74dfda976e044a5b13e41f079794) Importer(815301076,1909f56bfc062723c751e8b465ee728b)  -> (artifact id: '0fe90f721b93c433a3de232aeaae2dba') in 0.112629 seconds 
========================================================================
Received Import Request.
  Time since last request: 0.000023 seconds.
  path: Assets/Flowers/FBX/SunflowerGroup2_1.fbx
  artifactKey: Guid(f0cdd79b35fac2345a631307f8aa7d9a) Importer(815301076,1909f56bfc062723c751e8b465ee728b)
Start importing Assets/Flowers/FBX/SunflowerGroup2_1.fbx using Guid(f0cdd79b35fac2345a631307f8aa7d9a) Importer(815301076,1909f56bfc062723c751e8b465ee728b)  -> (artifact id: '2551c132ac3ab5c5d70d3f6df2049124') in 0.058506 seconds 
========================================================================
Received Import Request.
  Time since last request: 0.000030 seconds.
  path: Assets/Flowers/FBX/TallGRass_2.fbx
  artifactKey: Guid(9fb24dca596b49a4289b76b20ef5ded6) Importer(815301076,1909f56bfc062723c751e8b465ee728b)
Start importing Assets/Flowers/FBX/TallGRass_2.fbx using Guid(9fb24dca596b49a4289b76b20ef5ded6) Importer(815301076,1909f56bfc062723c751e8b465ee728b)  -> (artifact id: 'f9a7c1608b4bcc23ed0d3bc50b3befea') in 0.053901 seconds 
========================================================================
Received Import Request.
  Time since last request: 0.000024 seconds.
  path: Assets/Flowers/FBX/SunflowerGroup2_2.fbx
  artifactKey: Guid(30fcae7b16d68ff4aad3093c2c600887) Importer(815301076,1909f56bfc062723c751e8b465ee728b)
Start importing Assets/Flowers/FBX/SunflowerGroup2_2.fbx using Guid(30fcae7b16d68ff4aad3093c2c600887) Importer(815301076,1909f56bfc062723c751e8b465ee728b)  -> (artifact id: 'fac45c80b4ddf6f38f125138efa1ffd5') in 0.071391 seconds 
========================================================================
Received Import Request.
  Time since last request: 0.000026 seconds.
  path: Assets/Flowers/FBX/VioletFlower_1.fbx
  artifactKey: Guid(ed139d31f80edf94993d8e8121eaf43d) Importer(815301076,1909f56bfc062723c751e8b465ee728b)
Start importing Assets/Flowers/FBX/VioletFlower_1.fbx using Guid(ed139d31f80edf94993d8e8121eaf43d) Importer(815301076,1909f56bfc062723c751e8b465ee728b)  -> (artifact id: 'd4c8b05c7d8f34d0dd4c9268b6ce3ab9') in 0.055669 seconds 
========================================================================
Received Import Request.
  Time since last request: 0.000032 seconds.
  path: Assets/Flowers/FBX/PinkFLower_2.fbx
  artifactKey: Guid(54bebc52897d20542b425f4fb5fb97e2) Importer(815301076,1909f56bfc062723c751e8b465ee728b)
Start importing Assets/Flowers/FBX/PinkFLower_2.fbx using Guid(54bebc52897d20542b425f4fb5fb97e2) Importer(815301076,1909f56bfc062723c751e8b465ee728b)  -> (artifact id: 'adac6b2584d3f83ed3ca7d53c9c913b4') in 0.024875 seconds 
========================================================================
Received Import Request.
  Time since last request: 0.000029 seconds.
  path: Assets/Flowers/FBX/WhiteFLower2_2.fbx
  artifactKey: Guid(d9f62ac94309cae4f9d0904e7980e75a) Importer(815301076,1909f56bfc062723c751e8b465ee728b)
Start importing Assets/Flowers/FBX/WhiteFLower2_2.fbx using Guid(d9f62ac94309cae4f9d0904e7980e75a) Importer(815301076,1909f56bfc062723c751e8b465ee728b)  -> (artifact id: '080cd506ad8277743401eadffa34c826') in 0.025649 seconds 
========================================================================
Received Import Request.
  Time since last request: 0.000038 seconds.
  path: Assets/Flowers/FBX/Sunflower1.fbx
  artifactKey: Guid(62a810cad95fcad499930d1e5bfef109) Importer(815301076,1909f56bfc062723c751e8b465ee728b)
Start importing Assets/Flowers/FBX/Sunflower1.fbx using Guid(62a810cad95fcad499930d1e5bfef109) Importer(815301076,1909f56bfc062723c751e8b465ee728b)  -> (artifact id: '01250d038e8becdc229fd36bab4828db') in 0.024026 seconds 
========================================================================
Received Import Request.
  Time since last request: 0.000059 seconds.
  path: Assets/Flowers/FBX/Sunflower2.fbx
  artifactKey: Guid(7b20a5664cdc41a48b021dd1939d119a) Importer(815301076,1909f56bfc062723c751e8b465ee728b)
Start importing Assets/Flowers/FBX/Sunflower2.fbx using Guid(7b20a5664cdc41a48b021dd1939d119a) Importer(815301076,1909f56bfc062723c751e8b465ee728b)  -> (artifact id: '174bc87584710ffda2602cc81aebde12') in 0.023579 seconds 
========================================================================
Received Import Request.
  Time since last request: 0.000021 seconds.
  path: Assets/Flowers/FBX/PurpleFlower_1.fbx
  artifactKey: Guid(de1b56971b7d32d4f9d2bbd22f2d0238) Importer(815301076,1909f56bfc062723c751e8b465ee728b)
Start importing Assets/Flowers/FBX/PurpleFlower_1.fbx using Guid(de1b56971b7d32d4f9d2bbd22f2d0238) Importer(815301076,1909f56bfc062723c751e8b465ee728b)  -> (artifact id: '6b2c8ce1a560d251c02eae7981cbcf4b') in 0.024739 seconds 
========================================================================
Received Import Request.
  Time since last request: 0.000031 seconds.
  path: Assets/Flowers/FBX/WhiteFLower1_2.fbx
  artifactKey: Guid(f6b1b1b0de630db458ea44a6c1085032) Importer(815301076,1909f56bfc062723c751e8b465ee728b)
Start importing Assets/Flowers/FBX/WhiteFLower1_2.fbx using Guid(f6b1b1b0de630db458ea44a6c1085032) Importer(815301076,1909f56bfc062723c751e8b465ee728b)  -> (artifact id: 'e5dc5d810ea910881b323efbe393f185') in 0.026613 seconds 
========================================================================
Received Import Request.
  Time since last request: 0.000031 seconds.
  path: Assets/Flowers/FBX/WhiteFLower1_1.fbx
  artifactKey: Guid(a2066a72ed6d3d243b17b6793ec4b051) Importer(815301076,1909f56bfc062723c751e8b465ee728b)
Start importing Assets/Flowers/FBX/WhiteFLower1_1.fbx using Guid(a2066a72ed6d3d243b17b6793ec4b051) Importer(815301076,1909f56bfc062723c751e8b465ee728b)  -> (artifact id: 'f93e843942d9735be5fec9fe6a0aa043') in 0.025905 seconds 
========================================================================
Received Import Request.
  Time since last request: 2.959604 seconds.
  path: Assets/Flowers/Textures/FlowerAtlas2/FLowerAtlas_2_Normal.png
  artifactKey: Guid(ea9e56952c766774480018387dfac7a8) Importer(815301076,1909f56bfc062723c751e8b465ee728b)
Start importing Assets/Flowers/Textures/FlowerAtlas2/FLowerAtlas_2_Normal.png using Guid(ea9e56952c766774480018387dfac7a8) Importer(815301076,1909f56bfc062723c751e8b465ee728b)  -> (artifact id: 'e8cb4d1b317b7c26371ea01b0e15d3d5') in 0.039738 seconds 
========================================================================
Received Import Request.
  Time since last request: 10.207553 seconds.
  path: Assets/Flowers/Materials/FlowerAtlas2.mat
  artifactKey: Guid(595fed797a32fe14dbef0791bf4fe56a) Importer(815301076,1909f56bfc062723c751e8b465ee728b)
Start importing Assets/Flowers/Materials/FlowerAtlas2.mat using Guid(595fed797a32fe14dbef0791bf4fe56a) Importer(815301076,1909f56bfc062723c751e8b465ee728b)  -> (artifact id: '9b0f39e241a978efef97fa077926d934') in 0.054076 seconds 
========================================================================
Received Import Request.
  Time since last request: 5.691200 seconds.
  path: Assets/Flowers/Textures/FlowerAtlas1/FlowerAtlas_1_Normal.png
  artifactKey: Guid(eaa3e84e007095b41aa2c5240ebb634f) Importer(815301076,1909f56bfc062723c751e8b465ee728b)
Start importing Assets/Flowers/Textures/FlowerAtlas1/FlowerAtlas_1_Normal.png using Guid(eaa3e84e007095b41aa2c5240ebb634f) Importer(815301076,1909f56bfc062723c751e8b465ee728b)  -> (artifact id: 'c38be050986612cf1b8fbe6f87bf77bc') in 0.033338 seconds 
========================================================================
Received Import Request.
  Time since last request: 507.992484 seconds.
  path: Assets/BS09_NeriumOleander_MAX/BS09_Bark01_gls_su.png
  artifactKey: Guid(dd73cbc53a0a5284b914c48004207247) Importer(815301076,1909f56bfc062723c751e8b465ee728b)
Start importing Assets/BS09_NeriumOleander_MAX/BS09_Bark01_gls_su.png using Guid(dd73cbc53a0a5284b914c48004207247) Importer(815301076,1909f56bfc062723c751e8b465ee728b)  -> (artifact id: '98ae7c517ff6d9d28a014ed735cf1828') in 0.038904 seconds 
========================================================================
Received Import Request.
  Time since last request: 0.000038 seconds.
  path: Assets/BS09_NeriumOleander_MAX/BS09_Flower02_alp_su.png
  artifactKey: Guid(b5956e93a0c0f614d92e917de477f95e) Importer(815301076,1909f56bfc062723c751e8b465ee728b)
Start importing Assets/BS09_NeriumOleander_MAX/BS09_Flower02_alp_su.png using Guid(b5956e93a0c0f614d92e917de477f95e) Importer(815301076,1909f56bfc062723c751e8b465ee728b)  -> (artifact id: '6a3dccd8e5a5607f789fa70290488692') in 0.026412 seconds 
========================================================================
Received Import Request.
  Time since last request: 0.000029 seconds.
  path: Assets/BS09_NeriumOleander_MAX/BS09_Flower04_nml_su.png
  artifactKey: Guid(c1d263b7697b10445bd962ef0febca7d) Importer(815301076,1909f56bfc062723c751e8b465ee728b)
Start importing Assets/BS09_NeriumOleander_MAX/BS09_Flower04_nml_su.png using Guid(c1d263b7697b10445bd962ef0febca7d) Importer(815301076,1909f56bfc062723c751e8b465ee728b)  -> (artifact id: '61ad86d11167fdab848a5a72d439ff1a') in 0.025326 seconds 
========================================================================
Received Import Request.
  Time since last request: 0.000039 seconds.
  path: Assets/BS09_NeriumOleander_MAX/BS09_Flower03Front_dif_su.png
  artifactKey: Guid(68b250ef878abd040a9ee44456dcfd06) Importer(815301076,1909f56bfc062723c751e8b465ee728b)
Start importing Assets/BS09_NeriumOleander_MAX/BS09_Flower03Front_dif_su.png using Guid(68b250ef878abd040a9ee44456dcfd06) Importer(815301076,1909f56bfc062723c751e8b465ee728b)  -> (artifact id: '9172bb344db8b52fa530b4bc03d7b3d8') in 0.025335 seconds 
========================================================================
Received Import Request.
  Time since last request: 0.000028 seconds.
  path: Assets/BS09_NeriumOleander_MAX/BS09_Flower01_nml_su.png
  artifactKey: Guid(fd224e5001cd4fa4ead92dd603a2dc26) Importer(815301076,1909f56bfc062723c751e8b465ee728b)
Start importing Assets/BS09_NeriumOleander_MAX/BS09_Flower01_nml_su.png using Guid(fd224e5001cd4fa4ead92dd603a2dc26) Importer(815301076,1909f56bfc062723c751e8b465ee728b)  -> (artifact id: 'f7ed4c8403641195fe2df9e29101f4a3') in 0.026213 seconds 
========================================================================
Received Import Request.
  Time since last request: 0.000025 seconds.
  path: Assets/BS09_NeriumOleander_MAX/BS09_Flower01Back_dif_su.png
  artifactKey: Guid(29c21990a4eafea4f8b27926c166d1cf) Importer(815301076,1909f56bfc062723c751e8b465ee728b)
Start importing Assets/BS09_NeriumOleander_MAX/BS09_Flower01Back_dif_su.png using Guid(29c21990a4eafea4f8b27926c166d1cf) Importer(815301076,1909f56bfc062723c751e8b465ee728b)  -> (artifact id: 'b17a70f962d5c4346a91da5ab0bf11a1') in 0.026940 seconds 
========================================================================
Received Import Request.
  Time since last request: 0.000020 seconds.
  path: Assets/BS09_NeriumOleander_MAX/BS09_Flower04_gls_su.png
  artifactKey: Guid(dadd43f03cce38342848ee2b19241ef8) Importer(815301076,1909f56bfc062723c751e8b465ee728b)
Start importing Assets/BS09_NeriumOleander_MAX/BS09_Flower04_gls_su.png using Guid(dadd43f03cce38342848ee2b19241ef8) Importer(815301076,1909f56bfc062723c751e8b465ee728b)  -> (artifact id: '2194ac64801eeafb377f8630895cbd3f') in 0.024806 seconds 
========================================================================
Received Import Request.
  Time since last request: 0.000022 seconds.
  path: Assets/BS09_NeriumOleander_MAX/BS09_Flower01_trp_su.png
  artifactKey: Guid(b3aa0ecbf3e06e543b38c04ba8199e35) Importer(815301076,1909f56bfc062723c751e8b465ee728b)
Start importing Assets/BS09_NeriumOleander_MAX/BS09_Flower01_trp_su.png using Guid(b3aa0ecbf3e06e543b38c04ba8199e35) Importer(815301076,1909f56bfc062723c751e8b465ee728b)  -> (artifact id: 'd5343cabbf2e2b1884a1c0a1ccb8e3ca') in 0.025007 seconds 
========================================================================
Received Import Request.
  Time since last request: 0.000023 seconds.
  path: Assets/BS09_NeriumOleander_MAX/BS09_Leaf01_nml_su.png
  artifactKey: Guid(41c86d5daebf09d4cab6b67ad8378f04) Importer(815301076,1909f56bfc062723c751e8b465ee728b)
Start importing Assets/BS09_NeriumOleander_MAX/BS09_Leaf01_nml_su.png using Guid(41c86d5daebf09d4cab6b67ad8378f04) Importer(815301076,1909f56bfc062723c751e8b465ee728b)  -> (artifact id: '0c394aa74c1d6698a5063c3427edfc0b') in 0.014419 seconds 
========================================================================
Received Import Request.
  Time since last request: 0.000025 seconds.
  path: Assets/BS09_NeriumOleander_MAX/BS09_Flower03Back_dif_su.png
  artifactKey: Guid(2dcade561a42bc649894c433b192d9b0) Importer(815301076,1909f56bfc062723c751e8b465ee728b)
Start importing Assets/BS09_NeriumOleander_MAX/BS09_Flower03Back_dif_su.png using Guid(2dcade561a42bc649894c433b192d9b0) Importer(815301076,1909f56bfc062723c751e8b465ee728b)  -> (artifact id: 'add2540ddc849f2652ce0fbd8a3c8582') in 0.014335 seconds 
========================================================================
Received Import Request.
  Time since last request: 0.000021 seconds.
  path: Assets/BS09_NeriumOleander_MAX/BS09_Flower03_gls_su.png
  artifactKey: Guid(d86789217a22ae946901d8120e19ef31) Importer(815301076,1909f56bfc062723c751e8b465ee728b)
Start importing Assets/BS09_NeriumOleander_MAX/BS09_Flower03_gls_su.png using Guid(d86789217a22ae946901d8120e19ef31) Importer(815301076,1909f56bfc062723c751e8b465ee728b)  -> (artifact id: '47aa846d2c03723722c42bd3db37ea5b') in 0.014944 seconds 
========================================================================
Received Import Request.
  Time since last request: 0.000035 seconds.
  path: Assets/BS09_NeriumOleander_MAX/BS09_Flower04_alp_su.png
  artifactKey: Guid(57bcffc5794b3b84da88d35c37cb59bf) Importer(815301076,1909f56bfc062723c751e8b465ee728b)
Start importing Assets/BS09_NeriumOleander_MAX/BS09_Flower04_alp_su.png using Guid(57bcffc5794b3b84da88d35c37cb59bf) Importer(815301076,1909f56bfc062723c751e8b465ee728b)  -> (artifact id: '7ffadbe1a27a9942f167fca70c4bd146') in 0.023495 seconds 
========================================================================
Received Import Request.
  Time since last request: 0.000033 seconds.
  path: Assets/BS09_NeriumOleander_MAX/BS09_Flower02Back_dif_su.png
  artifactKey: Guid(8e27fec078d859240ac5e4399fa5032a) Importer(815301076,1909f56bfc062723c751e8b465ee728b)
Start importing Assets/BS09_NeriumOleander_MAX/BS09_Flower02Back_dif_su.png using Guid(8e27fec078d859240ac5e4399fa5032a) Importer(815301076,1909f56bfc062723c751e8b465ee728b)  -> (artifact id: '371963b79cd6391b908fa3df17956594') in 0.015421 seconds 
========================================================================
Received Import Request.
  Time since last request: 0.000035 seconds.
  path: Assets/BS09_NeriumOleander_MAX/BS09_Flower03_alp_su.png
  artifactKey: Guid(d7897713418665e44a44983f342e1c7a) Importer(815301076,1909f56bfc062723c751e8b465ee728b)
Start importing Assets/BS09_NeriumOleander_MAX/BS09_Flower03_alp_su.png using Guid(d7897713418665e44a44983f342e1c7a) Importer(815301076,1909f56bfc062723c751e8b465ee728b)  -> (artifact id: '96b2f8e788eb9dcd4742012680f4f281') in 0.014832 seconds 
========================================================================
Received Import Request.
  Time since last request: 0.000019 seconds.
  path: Assets/BS09_NeriumOleander_MAX/BS09_Flower02_gls_su.png
  artifactKey: Guid(e99d4b734018bde4b946e485a801b60d) Importer(815301076,1909f56bfc062723c751e8b465ee728b)
Start importing Assets/BS09_NeriumOleander_MAX/BS09_Flower02_gls_su.png using Guid(e99d4b734018bde4b946e485a801b60d) Importer(815301076,1909f56bfc062723c751e8b465ee728b)  -> (artifact id: '9bb52a119ca50ac4092038a6ebc75c88') in 0.013236 seconds 
========================================================================
Received Import Request.
  Time since last request: 0.000040 seconds.
  path: Assets/BS09_NeriumOleander_MAX/BS09_Bark01_nml_su.png
  artifactKey: Guid(ac3e13f9313e13046b10bd5a1382e32c) Importer(815301076,1909f56bfc062723c751e8b465ee728b)
Start importing Assets/BS09_NeriumOleander_MAX/BS09_Bark01_nml_su.png using Guid(ac3e13f9313e13046b10bd5a1382e32c) Importer(815301076,1909f56bfc062723c751e8b465ee728b)  -> (artifact id: 'c8734e33c763a2225e7b78eeb591dc1b') in 0.013546 seconds 
========================================================================
Received Prepare
Registering precompiled user dll's ...
Registered in 0.003716 seconds.
Begin MonoManager ReloadAssembly
Symbol file LoadedFromMemory doesn't match image C:\Users\ND\Documents\UNITY\FlyingController\Library\PackageCache\com.unity.visualscripting@1.7.8\Editor\VisualScripting.Core\Dependencies\YamlDotNet\Unity.VisualScripting.YamlDotNet.dll
Symbol file LoadedFromMemory doesn't match image C:\Users\ND\Documents\UNITY\FlyingController\Library\PackageCache\com.unity.visualscripting@1.7.8\Editor\VisualScripting.Core\Dependencies\DotNetZip\Unity.VisualScripting.IonicZip.dll
Native extension for WindowsStandalone target not found
Native extension for WebGL target not found
Refreshing native plugins compatible for Editor in 0.73 ms, found 3 plugins.
Preloading 0 native plugins for Editor in 0.00 ms.
Mono: successfully reloaded assembly
- Completed reload, in  1.464 seconds
Domain Reload Profiling:
	ReloadAssembly (1465ms)
		BeginReloadAssembly (548ms)
			ExecutionOrderSort (0ms)
			DisableScriptedObjects (17ms)
			BackupInstance (0ms)
			ReleaseScriptingObjects (0ms)
			CreateAndSetChildDomain (330ms)
		EndReloadAssembly (832ms)
			LoadAssemblies (124ms)
			RebuildTransferFunctionScriptingTraits (0ms)
			SetupTypeCache (270ms)
			ReleaseScriptCaches (1ms)
			RebuildScriptCaches (37ms)
			SetupLoadedEditorAssemblies (414ms)
				LogAssemblyErrors (0ms)
				InitializePlatformSupportModulesInManaged (11ms)
				SetLoadedEditorAssemblies (1ms)
				RefreshPlugins (1ms)
				BeforeProcessingInitializeOnLoad (66ms)
				ProcessInitializeOnLoadAttributes (299ms)
				ProcessInitializeOnLoadMethodAttributes (29ms)
				AfterProcessingInitializeOnLoad (8ms)
				EditorAssembliesLoaded (0ms)
			ExecutionOrderSort2 (0ms)
			AwakeInstancesAfterBackupRestoration (6ms)
Platform modules already initialized, skipping
Refreshing native plugins compatible for Editor in 1.97 ms, found 3 plugins.
Preloading 0 native plugins for Editor in 0.00 ms.
Unloading 3863 Unused Serialized files (Serialized files now loaded: 0)
Unloading 22 unused Assets / (152.3 KB). Loaded Objects now: 4420.
Memory consumption went from 213.1 MB to 212.9 MB.
Total: 5.084300 ms (FindLiveObjects: 0.316400 ms CreateObjectMapping: 0.104700 ms MarkObjects: 4.541800 ms  DeleteObjects: 0.120200 ms)

AssetImportParameters requested are different than current active one (requested -> active):
  custom:video-decoder-ogg-theora: a1e56fd34408186e4bbccfd4996cb3dc -> 
  custom:container-muxer-webm: aa71ff27fc2769a1b78a27578f13a17b -> 
  custom:container-demuxer-webm: 4f35f7cbe854078d1ac9338744f61a02 -> 
  custom:video-encoder-webm-vp8: eb34c28f22e8b96e1ab97ce403110664 -> 
  custom:audio-encoder-webm-vorbis: bf7c407c2cedff20999df2af8eb42d56 -> 
  custom:framework-win-MediaFoundation: 216162199b28c13a410421893ffa2e32 -> 
  custom:container-demuxer-ogg: 62fdf1f143b41e24485cea50d1cbac27 -> 
  custom:video-decoder-webm-vp8: 9c59270c3fd7afecdb556c50c9e8de78 -> 
  custom:audio-decoder-ogg-vorbis: bf7c407c2cedff20999df2af8eb42d56 -> 
Editor requested this worker to shutdown with reason: Scaling down because of idle timeout
AssetImportWorker is now disconnected from the server
Process exiting
Exiting without the bug reporter. Application will terminate with return code 0