Using pre-set license
Built from '2021.3/staging' branch; Version is '2021.3.15f1 (e8e88683f834) revision 15263878'; Using compiler version '192829333'; Build Type 'Release'
OS: 'Windows 10  (10.0.19044) 64bit Professional' Language: 'tr' Physical Memory: 16163 MB
BatchMode: 1, IsHumanControllingUs: 0, StartBugReporterOnCrash: 0, Is64bit: 1, IsPro: 1

COMMAND LINE ARGUMENTS:
C:\Program Files\Unity\Hub\Editor\2021.3.15f1\Editor\Unity.exe
-adb2
-batchMode
-noUpm
-name
AssetImportWorker7
-projectPath
C:/Users/ND/Documents/UNITY/FlyingController
-logFile
Logs/AssetImportWorker7.log
-srvPort
60382
Successfully changed project path to: C:/Users/ND/Documents/UNITY/FlyingController
C:/Users/ND/Documents/UNITY/FlyingController
[UnityMemory] Configuration Parameters - Can be set up in boot.config
    "memorysetup-bucket-allocator-granularity=16"
    "memorysetup-bucket-allocator-bucket-count=8"
    "memorysetup-bucket-allocator-block-size=33554432"
    "memorysetup-bucket-allocator-block-count=8"
    "memorysetup-main-allocator-block-size=16777216"
    "memorysetup-thread-allocator-block-size=16777216"
    "memorysetup-gfx-main-allocator-block-size=16777216"
    "memorysetup-gfx-thread-allocator-block-size=16777216"
    "memorysetup-cache-allocator-block-size=4194304"
    "memorysetup-typetree-allocator-block-size=2097152"
    "memorysetup-profiler-bucket-allocator-granularity=16"
    "memorysetup-profiler-bucket-allocator-bucket-count=8"
    "memorysetup-profiler-bucket-allocator-block-size=33554432"
    "memorysetup-profiler-bucket-allocator-block-count=8"
    "memorysetup-profiler-allocator-block-size=16777216"
    "memorysetup-profiler-editor-allocator-block-size=1048576"
    "memorysetup-temp-allocator-size-main=16777216"
    "memorysetup-job-temp-allocator-block-size=2097152"
    "memorysetup-job-temp-allocator-block-size-background=1048576"
    "memorysetup-job-temp-allocator-reduction-small-platforms=262144"
    "memorysetup-temp-allocator-size-background-worker=32768"
    "memorysetup-temp-allocator-size-job-worker=262144"
    "memorysetup-temp-allocator-size-preload-manager=33554432"
    "memorysetup-temp-allocator-size-nav-mesh-worker=65536"
    "memorysetup-temp-allocator-size-audio-worker=65536"
    "memorysetup-temp-allocator-size-cloud-worker=32768"
    "memorysetup-temp-allocator-size-gi-baking-worker=262144"
    "memorysetup-temp-allocator-size-gfx=262144"
Player connection [12464] Host "[IP] 192.168.1.138 [Port] 0 [Flags] 2 [Guid] 783732245 [EditorId] 783732245 [Version] 1048832 [Id] WindowsEditor(7,DESKTOP-ULBTV1P) [Debug] 1 [PackageName] WindowsEditor [ProjectName] Editor" joined multi-casting on [225.0.0.222:54997]...

Player connection [12464] Host "[IP] 192.168.1.138 [Port] 0 [Flags] 2 [Guid] 783732245 [EditorId] 783732245 [Version] 1048832 [Id] WindowsEditor(7,DESKTOP-ULBTV1P) [Debug] 1 [PackageName] WindowsEditor [ProjectName] Editor" joined alternative multi-casting on [225.0.0.222:34997]...

Refreshing native plugins compatible for Editor in 88.79 ms, found 3 plugins.
Preloading 0 native plugins for Editor in 0.00 ms.
Initialize engine version: 2021.3.15f1 (e8e88683f834)
[Subsystems] Discovering subsystems at path C:/Program Files/Unity/Hub/Editor/2021.3.15f1/Editor/Data/Resources/UnitySubsystems
[Subsystems] Discovering subsystems at path C:/Users/ND/Documents/UNITY/FlyingController/Assets
GfxDevice: creating device client; threaded=0; jobified=0
Direct3D:
    Version:  Direct3D 11.0 [level 11.1]
    Renderer: NVIDIA GeForce RTX 3050 Ti Laptop GPU (ID=0x25a0)
    Vendor:   NVIDIA
    VRAM:     3990 MB
    Driver:   31.0.15.1694
Initialize mono
Mono path[0] = 'C:/Program Files/Unity/Hub/Editor/2021.3.15f1/Editor/Data/Managed'
Mono path[1] = 'C:/Program Files/Unity/Hub/Editor/2021.3.15f1/Editor/Data/MonoBleedingEdge/lib/mono/unityjit-win32'
Mono config path = 'C:/Program Files/Unity/Hub/Editor/2021.3.15f1/Editor/Data/MonoBleedingEdge/etc'
Using monoOptions --debugger-agent=transport=dt_socket,embedding=1,server=y,suspend=n,address=127.0.0.1:56620
Begin MonoManager ReloadAssembly
Registering precompiled unity dll's ...
Register platform support module: C:/Program Files/Unity/Hub/Editor/2021.3.15f1/Editor/Data/PlaybackEngines/WebGLSupport/UnityEditor.WebGL.Extensions.dll
Register platform support module: C:/Program Files/Unity/Hub/Editor/2021.3.15f1/Editor/Data/PlaybackEngines/WindowsStandaloneSupport/UnityEditor.WindowsStandalone.Extensions.dll
Registered in 0.004700 seconds.
Native extension for WindowsStandalone target not found
Native extension for WebGL target not found
Refreshing native plugins compatible for Editor in 78.67 ms, found 3 plugins.
Preloading 0 native plugins for Editor in 0.00 ms.
Mono: successfully reloaded assembly
- Completed reload, in  0.506 seconds
Domain Reload Profiling:
	ReloadAssembly (506ms)
		BeginReloadAssembly (59ms)
			ExecutionOrderSort (0ms)
			DisableScriptedObjects (0ms)
			BackupInstance (0ms)
			ReleaseScriptingObjects (0ms)
			CreateAndSetChildDomain (1ms)
		EndReloadAssembly (362ms)
			LoadAssemblies (58ms)
			RebuildTransferFunctionScriptingTraits (0ms)
			SetupTypeCache (82ms)
			ReleaseScriptCaches (0ms)
			RebuildScriptCaches (23ms)
			SetupLoadedEditorAssemblies (217ms)
				LogAssemblyErrors (0ms)
				InitializePlatformSupportModulesInManaged (8ms)
				SetLoadedEditorAssemblies (0ms)
				RefreshPlugins (79ms)
				BeforeProcessingInitializeOnLoad (1ms)
				ProcessInitializeOnLoadAttributes (95ms)
				ProcessInitializeOnLoadMethodAttributes (35ms)
				AfterProcessingInitializeOnLoad (0ms)
				EditorAssembliesLoaded (0ms)
			ExecutionOrderSort2 (0ms)
			AwakeInstancesAfterBackupRestoration (0ms)
Platform modules already initialized, skipping
Registering precompiled user dll's ...
Registered in 0.003706 seconds.
Begin MonoManager ReloadAssembly
Symbol file LoadedFromMemory doesn't match image C:\Users\ND\Documents\UNITY\FlyingController\Library\PackageCache\com.unity.visualscripting@1.7.8\Editor\VisualScripting.Core\Dependencies\YamlDotNet\Unity.VisualScripting.YamlDotNet.dll
Symbol file LoadedFromMemory doesn't match image C:\Users\ND\Documents\UNITY\FlyingController\Library\PackageCache\com.unity.visualscripting@1.7.8\Editor\VisualScripting.Core\Dependencies\DotNetZip\Unity.VisualScripting.IonicZip.dll
Native extension for WindowsStandalone target not found
Native extension for WebGL target not found
Refreshing native plugins compatible for Editor in 79.37 ms, found 3 plugins.
Preloading 0 native plugins for Editor in 0.00 ms.
Mono: successfully reloaded assembly
- Completed reload, in  0.980 seconds
Domain Reload Profiling:
	ReloadAssembly (981ms)
		BeginReloadAssembly (86ms)
			ExecutionOrderSort (0ms)
			DisableScriptedObjects (4ms)
			BackupInstance (0ms)
			ReleaseScriptingObjects (0ms)
			CreateAndSetChildDomain (16ms)
		EndReloadAssembly (802ms)
			LoadAssemblies (65ms)
			RebuildTransferFunctionScriptingTraits (0ms)
			SetupTypeCache (218ms)
			ReleaseScriptCaches (1ms)
			RebuildScriptCaches (43ms)
			SetupLoadedEditorAssemblies (444ms)
				LogAssemblyErrors (0ms)
				InitializePlatformSupportModulesInManaged (5ms)
				SetLoadedEditorAssemblies (0ms)
				RefreshPlugins (79ms)
				BeforeProcessingInitializeOnLoad (74ms)
				ProcessInitializeOnLoadAttributes (265ms)
				ProcessInitializeOnLoadMethodAttributes (16ms)
				AfterProcessingInitializeOnLoad (5ms)
				EditorAssembliesLoaded (0ms)
			ExecutionOrderSort2 (0ms)
			AwakeInstancesAfterBackupRestoration (5ms)
Platform modules already initialized, skipping
========================================================================
Worker process is ready to serve import requests
Launched and connected shader compiler UnityShaderCompiler.exe after 0.03 seconds
Refreshing native plugins compatible for Editor in 0.66 ms, found 3 plugins.
Preloading 0 native plugins for Editor in 0.00 ms.
Unloading 3884 Unused Serialized files (Serialized files now loaded: 0)
Unloading 43 unused Assets / (185.4 KB). Loaded Objects now: 4360.
Memory consumption went from 211.6 MB to 211.4 MB.
Total: 3.435600 ms (FindLiveObjects: 0.265300 ms CreateObjectMapping: 0.128400 ms MarkObjects: 2.883400 ms  DeleteObjects: 0.157500 ms)

AssetImportParameters requested are different than current active one (requested -> active):
  custom:video-decoder-ogg-theora: a1e56fd34408186e4bbccfd4996cb3dc -> 
  custom:container-muxer-webm: aa71ff27fc2769a1b78a27578f13a17b -> 
  custom:container-demuxer-webm: 4f35f7cbe854078d1ac9338744f61a02 -> 
  custom:video-encoder-webm-vp8: eb34c28f22e8b96e1ab97ce403110664 -> 
  custom:audio-encoder-webm-vorbis: bf7c407c2cedff20999df2af8eb42d56 -> 
  custom:framework-win-MediaFoundation: 216162199b28c13a410421893ffa2e32 -> 
  custom:container-demuxer-ogg: 62fdf1f143b41e24485cea50d1cbac27 -> 
  custom:video-decoder-webm-vp8: 9c59270c3fd7afecdb556c50c9e8de78 -> 
  custom:audio-decoder-ogg-vorbis: bf7c407c2cedff20999df2af8eb42d56 -> 
========================================================================
Received Import Request.
  Time since last request: 969731.754809 seconds.
  path: Assets/3D Gamekit - Environment Pack/Environment/Vegetation/Small/Prefabs/VegetationSmall02.prefab
  artifactKey: Guid(3aa3e072abd66c046a53f448cbe625da) Importer(815301076,1909f56bfc062723c751e8b465ee728b)
Start importing Assets/3D Gamekit - Environment Pack/Environment/Vegetation/Small/Prefabs/VegetationSmall02.prefab using Guid(3aa3e072abd66c046a53f448cbe625da) Importer(815301076,1909f56bfc062723c751e8b465ee728b)  -> (artifact id: '4a30871f616d0161e43061e9595edc3d') in 0.109520 seconds 
========================================================================
Received Import Request.
  Time since last request: 0.000021 seconds.
  path: Assets/3D Gamekit - Environment Pack/Environment/Vegetation/Small/Prefabs/VegetationSmall04.prefab
  artifactKey: Guid(c976407314c933f4091088895954a623) Importer(815301076,1909f56bfc062723c751e8b465ee728b)
Start importing Assets/3D Gamekit - Environment Pack/Environment/Vegetation/Small/Prefabs/VegetationSmall04.prefab using Guid(c976407314c933f4091088895954a623) Importer(815301076,1909f56bfc062723c751e8b465ee728b)  -> (artifact id: '87cb19b3dd18985903b400a43cdcf220') in 0.040634 seconds 
========================================================================
Received Import Request.
  Time since last request: 0.000026 seconds.
  path: Assets/3D Gamekit - Environment Pack/Environment/Vegetation/Small/Prefabs/VegetationSmall05_02.prefab
  artifactKey: Guid(b08d375135c14144bbd31619762f9659) Importer(815301076,1909f56bfc062723c751e8b465ee728b)
Start importing Assets/3D Gamekit - Environment Pack/Environment/Vegetation/Small/Prefabs/VegetationSmall05_02.prefab using Guid(b08d375135c14144bbd31619762f9659) Importer(815301076,1909f56bfc062723c751e8b465ee728b)  -> (artifact id: 'ef47e2f7882a5c7d24a155e682be3482') in 0.049236 seconds 
========================================================================
Received Import Request.
  Time since last request: 0.000023 seconds.
  path: Assets/3D Gamekit - Environment Pack/Environment/Vegetation/Small/Prefabs/VegetationSmall07_02.prefab
  artifactKey: Guid(0c10f8e7dae19a741938bcbf847384f1) Importer(815301076,1909f56bfc062723c751e8b465ee728b)
Start importing Assets/3D Gamekit - Environment Pack/Environment/Vegetation/Small/Prefabs/VegetationSmall07_02.prefab using Guid(0c10f8e7dae19a741938bcbf847384f1) Importer(815301076,1909f56bfc062723c751e8b465ee728b)  -> (artifact id: 'dc8f4f4af3b15e148de6b25c4521ee56') in 0.029354 seconds 
========================================================================
Received Import Request.
  Time since last request: 0.000024 seconds.
  path: Assets/3D Gamekit - Environment Pack/Environment/Vegetation/Small/Prefabs/VegetationSmall05.prefab
  artifactKey: Guid(483ae19f3dc070b4fb1bcfb2eeaec585) Importer(815301076,1909f56bfc062723c751e8b465ee728b)
Start importing Assets/3D Gamekit - Environment Pack/Environment/Vegetation/Small/Prefabs/VegetationSmall05.prefab using Guid(483ae19f3dc070b4fb1bcfb2eeaec585) Importer(815301076,1909f56bfc062723c751e8b465ee728b)  -> (artifact id: 'a6a2c0b8f1db067f17f5ca0e648ca59c') in 0.056931 seconds 
========================================================================
Received Import Request.
  Time since last request: 0.000029 seconds.
  path: Assets/3D Gamekit - Environment Pack/Environment/Vegetation/Small/Prefabs/VegetationSmall06.prefab
  artifactKey: Guid(a2db0973d13739d44bc4fd0eb4197d94) Importer(815301076,1909f56bfc062723c751e8b465ee728b)
Start importing Assets/3D Gamekit - Environment Pack/Environment/Vegetation/Small/Prefabs/VegetationSmall06.prefab using Guid(a2db0973d13739d44bc4fd0eb4197d94) Importer(815301076,1909f56bfc062723c751e8b465ee728b)  -> (artifact id: '26cc3f7c0b2295c34d1cef14aa2ed778') in 0.093989 seconds 
========================================================================
Received Import Request.
  Time since last request: 18.403233 seconds.
  path: Assets/3D Gamekit - Environment Pack/Environment/Vegetation/Large/Prefabs/VegetationLarge02.prefab
  artifactKey: Guid(0353402b5deef664aa72d22af41b5625) Importer(815301076,1909f56bfc062723c751e8b465ee728b)
Start importing Assets/3D Gamekit - Environment Pack/Environment/Vegetation/Large/Prefabs/VegetationLarge02.prefab using Guid(0353402b5deef664aa72d22af41b5625) Importer(815301076,1909f56bfc062723c751e8b465ee728b)  -> (artifact id: 'ec1927b5ad89f36ed31cca31c52e8762') in 0.042628 seconds 
========================================================================
Received Import Request.
  Time since last request: 0.000022 seconds.
  path: Assets/3D Gamekit - Environment Pack/Environment/Vegetation/Large/Prefabs/VegetationLarge06.prefab
  artifactKey: Guid(5700a799dc8c0ff42ae93ef52986c997) Importer(815301076,1909f56bfc062723c751e8b465ee728b)
Start importing Assets/3D Gamekit - Environment Pack/Environment/Vegetation/Large/Prefabs/VegetationLarge06.prefab using Guid(5700a799dc8c0ff42ae93ef52986c997) Importer(815301076,1909f56bfc062723c751e8b465ee728b)  -> (artifact id: 'a7447e72f398fb5db1abbc288d0e59ac') in 0.035596 seconds 
========================================================================
Received Import Request.
  Time since last request: 0.000017 seconds.
  path: Assets/3D Gamekit - Environment Pack/Environment/Vegetation/Large/Prefabs/VegetationLarge03.prefab
  artifactKey: Guid(c9eecf76269530440a0d1c4ade2aeeb9) Importer(815301076,1909f56bfc062723c751e8b465ee728b)
Start importing Assets/3D Gamekit - Environment Pack/Environment/Vegetation/Large/Prefabs/VegetationLarge03.prefab using Guid(c9eecf76269530440a0d1c4ade2aeeb9) Importer(815301076,1909f56bfc062723c751e8b465ee728b)  -> (artifact id: '9717a8759223e5bdb3973ae7566b9927') in 0.038171 seconds 
========================================================================
Received Import Request.
  Time since last request: 0.000022 seconds.
  path: Assets/3D Gamekit - Environment Pack/Environment/Vegetation/Large/Prefabs/VegetationLarge05.prefab
  artifactKey: Guid(f08e5ea660670054a986fe368e4ae5ce) Importer(815301076,1909f56bfc062723c751e8b465ee728b)
Start importing Assets/3D Gamekit - Environment Pack/Environment/Vegetation/Large/Prefabs/VegetationLarge05.prefab using Guid(f08e5ea660670054a986fe368e4ae5ce) Importer(815301076,1909f56bfc062723c751e8b465ee728b)  -> (artifact id: 'b364095c85a52ab3fc72ac40db513480') in 0.069904 seconds 
========================================================================
Received Import Request.
  Time since last request: 17.948055 seconds.
  path: Assets/3D Gamekit - Environment Pack/Environment/Vegetation/Medium/Prefabs/VegetationMedium02_02.prefab
  artifactKey: Guid(be278adc221ca844abf78feb3bbd77fb) Importer(815301076,1909f56bfc062723c751e8b465ee728b)
Start importing Assets/3D Gamekit - Environment Pack/Environment/Vegetation/Medium/Prefabs/VegetationMedium02_02.prefab using Guid(be278adc221ca844abf78feb3bbd77fb) Importer(815301076,1909f56bfc062723c751e8b465ee728b)  -> (artifact id: '4f1a4a94b6817b48a284818e389459d4') in 0.021746 seconds 
========================================================================
Received Import Request.
  Time since last request: 0.000040 seconds.
  path: Assets/3D Gamekit - Environment Pack/Environment/Vegetation/Medium/Prefabs/VegetationMedium05.prefab
  artifactKey: Guid(4335dedff87c91c4aa2397da7cf26b6e) Importer(815301076,1909f56bfc062723c751e8b465ee728b)
Start importing Assets/3D Gamekit - Environment Pack/Environment/Vegetation/Medium/Prefabs/VegetationMedium05.prefab using Guid(4335dedff87c91c4aa2397da7cf26b6e) Importer(815301076,1909f56bfc062723c751e8b465ee728b)  -> (artifact id: '580fa22171b0ac165eeb5dc5427670a9') in 0.036550 seconds 
========================================================================
Received Import Request.
  Time since last request: 0.000036 seconds.
  path: Assets/3D Gamekit - Environment Pack/Environment/Vegetation/Medium/Prefabs/VegetationMedium04_02.prefab
  artifactKey: Guid(9fa6f24d7a9abd347b7a14c4f8cf9ddc) Importer(815301076,1909f56bfc062723c751e8b465ee728b)
Start importing Assets/3D Gamekit - Environment Pack/Environment/Vegetation/Medium/Prefabs/VegetationMedium04_02.prefab using Guid(9fa6f24d7a9abd347b7a14c4f8cf9ddc) Importer(815301076,1909f56bfc062723c751e8b465ee728b)  -> (artifact id: '1920081e7af7e2aabbb873540d94d98d') in 0.018935 seconds 
========================================================================
Received Import Request.
  Time since last request: 1987.927387 seconds.
  path: Assets/3D Gamekit - Environment Pack/Environment/Ground/Materials/Moss_Mat.mat
  artifactKey: Guid(9f1e1e6c36df17a48b610353e7d0bc21) Importer(815301076,1909f56bfc062723c751e8b465ee728b)
Start importing Assets/3D Gamekit - Environment Pack/Environment/Ground/Materials/Moss_Mat.mat using Guid(9f1e1e6c36df17a48b610353e7d0bc21) Importer(815301076,1909f56bfc062723c751e8b465ee728b)  -> (artifact id: 'ba44bf138844651f0c3c821a2899140b') in 0.087429 seconds 
========================================================================
Received Import Request.
  Time since last request: 8.666356 seconds.
  path: Assets/3D Gamekit - Environment Pack/Environment/Vegetation/Medium/Materials/VegetationMedium02_Mat.mat
  artifactKey: Guid(fa0793e3c33682d42ab47e6a5c969be0) Importer(815301076,1909f56bfc062723c751e8b465ee728b)
Start importing Assets/3D Gamekit - Environment Pack/Environment/Vegetation/Medium/Materials/VegetationMedium02_Mat.mat using Guid(fa0793e3c33682d42ab47e6a5c969be0) Importer(815301076,1909f56bfc062723c751e8b465ee728b)  -> (artifact id: '6cc471eab00c5a2426116b489fc62457') in 0.023038 seconds 
========================================================================
Received Import Request.
  Time since last request: 0.000024 seconds.
  path: Assets/3D Gamekit - Environment Pack/Environment/Vegetation/Medium/Materials/VegetationMedium03_Mat.mat
  artifactKey: Guid(366d0f093ed88894bbc06ba947fa8d34) Importer(815301076,1909f56bfc062723c751e8b465ee728b)
Start importing Assets/3D Gamekit - Environment Pack/Environment/Vegetation/Medium/Materials/VegetationMedium03_Mat.mat using Guid(366d0f093ed88894bbc06ba947fa8d34) Importer(815301076,1909f56bfc062723c751e8b465ee728b)  -> (artifact id: 'f5f6e49d3f823d580aa1206951031b8e') in 0.054519 seconds 
========================================================================
Received Import Request.
  Time since last request: 5.193237 seconds.
  path: Assets/3D Gamekit - Environment Pack/Environment/Vegetation/Small/Materials/VegetationSmall01_MidGlow.mat
  artifactKey: Guid(d376df56b7d6a0d48b993388bd197827) Importer(815301076,1909f56bfc062723c751e8b465ee728b)
Start importing Assets/3D Gamekit - Environment Pack/Environment/Vegetation/Small/Materials/VegetationSmall01_MidGlow.mat using Guid(d376df56b7d6a0d48b993388bd197827) Importer(815301076,1909f56bfc062723c751e8b465ee728b)  -> (artifact id: '756021a83b6d9b8c0d254cb82f487557') in 0.177177 seconds 
========================================================================
Received Import Request.
  Time since last request: 0.000019 seconds.
  path: Assets/3D Gamekit - Environment Pack/Environment/Vegetation/Small/Materials/VegetationSmall02_Mat.mat
  artifactKey: Guid(644c4d990d0ad604db9961f895c8b9f9) Importer(815301076,1909f56bfc062723c751e8b465ee728b)
Start importing Assets/3D Gamekit - Environment Pack/Environment/Vegetation/Small/Materials/VegetationSmall02_Mat.mat using Guid(644c4d990d0ad604db9961f895c8b9f9) Importer(815301076,1909f56bfc062723c751e8b465ee728b)  -> (artifact id: '8e2e2630ca9d139c95782f7ffcff4afc') in 0.016104 seconds 
========================================================================
Received Import Request.
  Time since last request: 0.000028 seconds.
  path: Assets/3D Gamekit - Environment Pack/Environment/Vegetation/Small/Materials/VegetationSmall04_Mat.mat
  artifactKey: Guid(30c74dfc1deb0aa4db33e6f1b48b8e74) Importer(815301076,1909f56bfc062723c751e8b465ee728b)
Start importing Assets/3D Gamekit - Environment Pack/Environment/Vegetation/Small/Materials/VegetationSmall04_Mat.mat using Guid(30c74dfc1deb0aa4db33e6f1b48b8e74) Importer(815301076,1909f56bfc062723c751e8b465ee728b)  -> (artifact id: '172ea560218e4ea1681720e826bb2415') in 0.015493 seconds 
========================================================================
Received Import Request.
  Time since last request: 1.990258 seconds.
  path: Assets/3D Gamekit - Environment Pack/Environment/Vegetation/Small/Textures/VegetationSmall04_Occlusion.tif
  artifactKey: Guid(1e3af278ff24fab4f98fa25d4af8e6e7) Importer(815301076,1909f56bfc062723c751e8b465ee728b)
Start importing Assets/3D Gamekit - Environment Pack/Environment/Vegetation/Small/Textures/VegetationSmall04_Occlusion.tif using Guid(1e3af278ff24fab4f98fa25d4af8e6e7) Importer(815301076,1909f56bfc062723c751e8b465ee728b)  -> (artifact id: '648175e55cecbce898a931309ae917e8') in 0.031540 seconds 
========================================================================
Received Import Request.
  Time since last request: 5.460354 seconds.
  path: Assets/3D Gamekit - Environment Pack/Environment/Vegetation/Small/Textures/VegetationSmall01_MetallicSmooth.tif
  artifactKey: Guid(fad7af736c049234f957ede2e99074bf) Importer(815301076,1909f56bfc062723c751e8b465ee728b)
Start importing Assets/3D Gamekit - Environment Pack/Environment/Vegetation/Small/Textures/VegetationSmall01_MetallicSmooth.tif using Guid(fad7af736c049234f957ede2e99074bf) Importer(815301076,1909f56bfc062723c751e8b465ee728b)  -> (artifact id: 'f033f32eac1c476e33c69b0936b3a1b9') in 0.027548 seconds 
========================================================================
Received Import Request.
  Time since last request: 0.000027 seconds.
  path: Assets/3D Gamekit - Environment Pack/Environment/Vegetation/Small/Textures/VegetationSmall05_Normals.tif
  artifactKey: Guid(b62a405dc2bfda744b7fe99eea37a9ed) Importer(815301076,1909f56bfc062723c751e8b465ee728b)
Start importing Assets/3D Gamekit - Environment Pack/Environment/Vegetation/Small/Textures/VegetationSmall05_Normals.tif using Guid(b62a405dc2bfda744b7fe99eea37a9ed) Importer(815301076,1909f56bfc062723c751e8b465ee728b)  -> (artifact id: '879e46aeba8673d024bd966b87a60d25') in 0.046121 seconds 
========================================================================
Received Import Request.
  Time since last request: 0.000019 seconds.
  path: Assets/3D Gamekit - Environment Pack/Environment/Vegetation/Small/Textures/VegetationSmall03_Normals.tif
  artifactKey: Guid(27b165a99f6add94dbe46a3df32078e0) Importer(815301076,1909f56bfc062723c751e8b465ee728b)
Start importing Assets/3D Gamekit - Environment Pack/Environment/Vegetation/Small/Textures/VegetationSmall03_Normals.tif using Guid(27b165a99f6add94dbe46a3df32078e0) Importer(815301076,1909f56bfc062723c751e8b465ee728b)  -> (artifact id: '8bc612e54da7f5d9675f9811ea1031c7') in 0.027607 seconds 
========================================================================
Received Import Request.
  Time since last request: 0.000025 seconds.
  path: Assets/3D Gamekit - Environment Pack/Environment/Vegetation/Small/Textures/VegetationSmall06_Normals.tif
  artifactKey: Guid(042fd21c3a319e94aba6934e497ebd87) Importer(815301076,1909f56bfc062723c751e8b465ee728b)
Start importing Assets/3D Gamekit - Environment Pack/Environment/Vegetation/Small/Textures/VegetationSmall06_Normals.tif using Guid(042fd21c3a319e94aba6934e497ebd87) Importer(815301076,1909f56bfc062723c751e8b465ee728b)  -> (artifact id: '20fc6ac516eb439c8b79dd5a43072134') in 0.077403 seconds 
========================================================================
Received Import Request.
  Time since last request: 0.000019 seconds.
  path: Assets/3D Gamekit - Environment Pack/Environment/Vegetation/Small/Textures/VegetationSmall02_Normals.tif
  artifactKey: Guid(81f76154dca30834f8a98eed739797d7) Importer(815301076,1909f56bfc062723c751e8b465ee728b)
Start importing Assets/3D Gamekit - Environment Pack/Environment/Vegetation/Small/Textures/VegetationSmall02_Normals.tif using Guid(81f76154dca30834f8a98eed739797d7) Importer(815301076,1909f56bfc062723c751e8b465ee728b)  -> (artifact id: '4d97daf645e8c653987d74e3153dbff3') in 0.040353 seconds 
========================================================================
Received Import Request.
  Time since last request: 0.000018 seconds.
  path: Assets/3D Gamekit - Environment Pack/Environment/Vegetation/Small/Textures/VegetationSmall07_Albedo.tif
  artifactKey: Guid(43a4df05e8bffd442bb10b85e7570884) Importer(815301076,1909f56bfc062723c751e8b465ee728b)
Start importing Assets/3D Gamekit - Environment Pack/Environment/Vegetation/Small/Textures/VegetationSmall07_Albedo.tif using Guid(43a4df05e8bffd442bb10b85e7570884) Importer(815301076,1909f56bfc062723c751e8b465ee728b)  -> (artifact id: 'c882fb0571e89c683c8e6d07e2f9117c') in 0.035549 seconds 
========================================================================
Received Import Request.
  Time since last request: 0.000029 seconds.
  path: Assets/3D Gamekit - Environment Pack/Environment/Vegetation/Small/Textures/VegetationSmall05_Albedo.tif
  artifactKey: Guid(5f76e7757ae2f554e8030f4a531fdd48) Importer(815301076,1909f56bfc062723c751e8b465ee728b)
Start importing Assets/3D Gamekit - Environment Pack/Environment/Vegetation/Small/Textures/VegetationSmall05_Albedo.tif using Guid(5f76e7757ae2f554e8030f4a531fdd48) Importer(815301076,1909f56bfc062723c751e8b465ee728b)  -> (artifact id: 'c279fff921700eb4d6f26f9ce5772476') in 0.016547 seconds 
========================================================================
Received Import Request.
  Time since last request: 14.145878 seconds.
  path: Assets/3D Gamekit - Environment Pack/Environment/Vegetation/Misc/Materials/Grass_01_Mat.mat
  artifactKey: Guid(5efb96c2e1892fd4db5e59e62a7b8d28) Importer(815301076,1909f56bfc062723c751e8b465ee728b)
Start importing Assets/3D Gamekit - Environment Pack/Environment/Vegetation/Misc/Materials/Grass_01_Mat.mat using Guid(5efb96c2e1892fd4db5e59e62a7b8d28) Importer(815301076,1909f56bfc062723c751e8b465ee728b)  -> (artifact id: 'd7de391afec1de8e6101a3fed1c5e1c5') in 0.201334 seconds 
========================================================================
Received Import Request.
  Time since last request: 9.583682 seconds.
  path: Assets/3D Gamekit - Environment Pack/Environment/Vegetation/Misc/Models/GroundCover01.fbx
  artifactKey: Guid(2498c7bd50bb5824898f8d36624375f4) Importer(815301076,1909f56bfc062723c751e8b465ee728b)
Start importing Assets/3D Gamekit - Environment Pack/Environment/Vegetation/Misc/Models/GroundCover01.fbx using Guid(2498c7bd50bb5824898f8d36624375f4) Importer(815301076,1909f56bfc062723c751e8b465ee728b)  -> (artifact id: 'e19760b40d1f40b1beab831293d13ecd') in 0.030193 seconds 
========================================================================
Received Import Request.
  Time since last request: 0.000021 seconds.
  path: Assets/3D Gamekit - Environment Pack/Environment/Vegetation/Misc/Models/HangingMoss01.fbx
  artifactKey: Guid(c70a73e1d9dbe3144b3350ea1598ce89) Importer(815301076,1909f56bfc062723c751e8b465ee728b)
Start importing Assets/3D Gamekit - Environment Pack/Environment/Vegetation/Misc/Models/HangingMoss01.fbx using Guid(c70a73e1d9dbe3144b3350ea1598ce89) Importer(815301076,1909f56bfc062723c751e8b465ee728b)  -> (artifact id: '9fbf676d8c978424983506fee9fefc2f') in 0.021324 seconds 
========================================================================
Received Import Request.
  Time since last request: 0.000020 seconds.
  path: Assets/3D Gamekit - Environment Pack/Environment/Vegetation/Misc/Models/HangingMoss03.fbx
  artifactKey: Guid(241f8dd64a94121459199c9b7a6aacf1) Importer(815301076,1909f56bfc062723c751e8b465ee728b)
Start importing Assets/3D Gamekit - Environment Pack/Environment/Vegetation/Misc/Models/HangingMoss03.fbx using Guid(241f8dd64a94121459199c9b7a6aacf1) Importer(815301076,1909f56bfc062723c751e8b465ee728b)  -> (artifact id: '7f30a777f0a732e8d32c7e7edbe19602') in 0.021292 seconds 
========================================================================
Received Import Request.
  Time since last request: 0.000021 seconds.
  path: Assets/3D Gamekit - Environment Pack/Environment/Vegetation/Misc/Models/HangingVine.fbx
  artifactKey: Guid(5b15b0bfc8cbae24c9c9fd379499df17) Importer(815301076,1909f56bfc062723c751e8b465ee728b)
Start importing Assets/3D Gamekit - Environment Pack/Environment/Vegetation/Misc/Models/HangingVine.fbx using Guid(5b15b0bfc8cbae24c9c9fd379499df17) Importer(815301076,1909f56bfc062723c751e8b465ee728b)  -> (artifact id: '3f603302e1c48403652a081ea6661bd3') in 0.110343 seconds 
========================================================================
Received Import Request.
  Time since last request: 43.778919 seconds.
  path: Assets/Jonathan Foust/Materials/Arrowhead Chute Texture.png
  artifactKey: Guid(c192b8a9b16f413478e70f21062913d2) Importer(815301076,1909f56bfc062723c751e8b465ee728b)
Start importing Assets/Jonathan Foust/Materials/Arrowhead Chute Texture.png using Guid(c192b8a9b16f413478e70f21062913d2) Importer(815301076,1909f56bfc062723c751e8b465ee728b)  -> (artifact id: '033d720b1544283471e3aebc0b84941e') in 0.042276 seconds 
========================================================================
Received Import Request.
  Time since last request: 0.000022 seconds.
  path: Assets/Jonathan Foust/Materials/Grass D.mat
  artifactKey: Guid(74e3c9de97759b7429f06256b82fd34c) Importer(815301076,1909f56bfc062723c751e8b465ee728b)
Start importing Assets/Jonathan Foust/Materials/Grass D.mat using Guid(74e3c9de97759b7429f06256b82fd34c) Importer(815301076,1909f56bfc062723c751e8b465ee728b)  -> (artifact id: 'd461fd788d7d0a92a16273ec7473c0cf') in 0.236361 seconds 
========================================================================
Received Import Request.
  Time since last request: 0.000022 seconds.
  path: Assets/Jonathan Foust/Materials/Glower Hop Normal Texture.png
  artifactKey: Guid(da5a8c4cfb2040148a18a0c1e7858768) Importer(815301076,1909f56bfc062723c751e8b465ee728b)
Start importing Assets/Jonathan Foust/Materials/Glower Hop Normal Texture.png using Guid(da5a8c4cfb2040148a18a0c1e7858768) Importer(815301076,1909f56bfc062723c751e8b465ee728b)  -> (artifact id: 'fed65cd817955e817a18a60c8cde8eb7') in 0.040777 seconds 
========================================================================
Received Import Request.
  Time since last request: 0.000034 seconds.
  path: Assets/Jonathan Foust/Materials/Coleus Specular Texture.png
  artifactKey: Guid(24b56c6611b310b4c92bc8f6eff990dc) Importer(815301076,1909f56bfc062723c751e8b465ee728b)
Start importing Assets/Jonathan Foust/Materials/Coleus Specular Texture.png using Guid(24b56c6611b310b4c92bc8f6eff990dc) Importer(815301076,1909f56bfc062723c751e8b465ee728b)  -> (artifact id: '953012f9b295b85d7d1a173992d0366a') in 0.050648 seconds 
========================================================================
Received Import Request.
  Time since last request: 0.000019 seconds.
  path: Assets/Jonathan Foust/Materials/Grass D Specular Texture.png
  artifactKey: Guid(cee45cd3413914640ac643ac5e8de7ab) Importer(815301076,1909f56bfc062723c751e8b465ee728b)
Start importing Assets/Jonathan Foust/Materials/Grass D Specular Texture.png using Guid(cee45cd3413914640ac643ac5e8de7ab) Importer(815301076,1909f56bfc062723c751e8b465ee728b)  -> (artifact id: 'b4f1c8c763d956a2e4b551fe948d7383') in 0.025865 seconds 
========================================================================
Received Import Request.
  Time since last request: 0.000024 seconds.
  path: Assets/Jonathan Foust/Materials/Dandelion and Purple Fringeless Orchid Texture.png
  artifactKey: Guid(30f3f9f567140404e900134e661ab83f) Importer(815301076,1909f56bfc062723c751e8b465ee728b)
Start importing Assets/Jonathan Foust/Materials/Dandelion and Purple Fringeless Orchid Texture.png using Guid(30f3f9f567140404e900134e661ab83f) Importer(815301076,1909f56bfc062723c751e8b465ee728b)  -> (artifact id: '4f19737308b7b5255dcb70a7256bae4f') in 0.018762 seconds 
========================================================================
Received Import Request.
  Time since last request: 0.000052 seconds.
  path: Assets/Jonathan Foust/Materials/Fairy Chute.mat
  artifactKey: Guid(6bd06d50cb3c78a46b9de7049caa3a64) Importer(815301076,1909f56bfc062723c751e8b465ee728b)
Start importing Assets/Jonathan Foust/Materials/Fairy Chute.mat using Guid(6bd06d50cb3c78a46b9de7049caa3a64) Importer(815301076,1909f56bfc062723c751e8b465ee728b)  -> (artifact id: 'a56270ddddd43b24ff60a4290c7f07e3') in 0.239321 seconds 
========================================================================
Received Import Request.
  Time since last request: 0.000025 seconds.
  path: Assets/Jonathan Foust/Materials/Fairy Chute Specular Texture.png
  artifactKey: Guid(566177a5869ae3e4e8edbad4db3e8a2b) Importer(815301076,1909f56bfc062723c751e8b465ee728b)
Start importing Assets/Jonathan Foust/Materials/Fairy Chute Specular Texture.png using Guid(566177a5869ae3e4e8edbad4db3e8a2b) Importer(815301076,1909f56bfc062723c751e8b465ee728b)  -> (artifact id: '0c900ee113e2bd9d59b6692b349c7e28') in 0.021605 seconds 
========================================================================
Received Import Request.
  Time since last request: 0.000031 seconds.
  path: Assets/Jonathan Foust/Materials/Flat Mint and Trap Leaf.mat
  artifactKey: Guid(13f17e1ae16866047b8b3e9c5bd9e1f2) Importer(815301076,1909f56bfc062723c751e8b465ee728b)
Start importing Assets/Jonathan Foust/Materials/Flat Mint and Trap Leaf.mat using Guid(13f17e1ae16866047b8b3e9c5bd9e1f2) Importer(815301076,1909f56bfc062723c751e8b465ee728b)  -> (artifact id: '9d8c3f681a5d689771733ef7c2a0bfa6') in 0.055555 seconds 
========================================================================
Received Import Request.
  Time since last request: 0.000020 seconds.
  path: Assets/Jonathan Foust/Materials/Grass D Texture.png
  artifactKey: Guid(42a17002fdc6e8b4f8b7485a9010127b) Importer(815301076,1909f56bfc062723c751e8b465ee728b)
Start importing Assets/Jonathan Foust/Materials/Grass D Texture.png using Guid(42a17002fdc6e8b4f8b7485a9010127b) Importer(815301076,1909f56bfc062723c751e8b465ee728b)  -> (artifact id: 'e6db68365526820673141194c4447a22') in 0.013420 seconds 
========================================================================
Received Import Request.
  Time since last request: 0.000030 seconds.
  path: Assets/Jonathan Foust/Materials/Garlic Mustard and Tree of Heaven Leaves Specular Texture.png
  artifactKey: Guid(c121bff863fc61246b932ad6cf8d7d92) Importer(815301076,1909f56bfc062723c751e8b465ee728b)
Start importing Assets/Jonathan Foust/Materials/Garlic Mustard and Tree of Heaven Leaves Specular Texture.png using Guid(c121bff863fc61246b932ad6cf8d7d92) Importer(815301076,1909f56bfc062723c751e8b465ee728b)  -> (artifact id: '880398526b2928494684fc74c5dc8d88') in 0.016415 seconds 
========================================================================
Received Import Request.
  Time since last request: 0.000077 seconds.
  path: Assets/Jonathan Foust/Materials/Glower Hop Specular.png
  artifactKey: Guid(1534bf4b9c01f7d4090b62df61b81707) Importer(815301076,1909f56bfc062723c751e8b465ee728b)
Start importing Assets/Jonathan Foust/Materials/Glower Hop Specular.png using Guid(1534bf4b9c01f7d4090b62df61b81707) Importer(815301076,1909f56bfc062723c751e8b465ee728b)  -> (artifact id: '72b514132d76f5102b4bb5c717e04d76') in 0.027666 seconds 
========================================================================
Received Import Request.
  Time since last request: 0.000024 seconds.
  path: Assets/Jonathan Foust/Materials/Glower Hop.mat
  artifactKey: Guid(d0976de1e1279474384c6df0e9b756fc) Importer(815301076,1909f56bfc062723c751e8b465ee728b)
Start importing Assets/Jonathan Foust/Materials/Glower Hop.mat using Guid(d0976de1e1279474384c6df0e9b756fc) Importer(815301076,1909f56bfc062723c751e8b465ee728b)  -> (artifact id: '44aba28e1f83f235685f738c063f8676') in 0.023577 seconds 
========================================================================
Received Import Request.
  Time since last request: 4.521773 seconds.
  path: Assets/Jonathan Foust/Materials/Hosta.mat
  artifactKey: Guid(3bbf488654884cd4c8a2162c1d775c27) Importer(815301076,1909f56bfc062723c751e8b465ee728b)
Start importing Assets/Jonathan Foust/Materials/Hosta.mat using Guid(3bbf488654884cd4c8a2162c1d775c27) Importer(815301076,1909f56bfc062723c751e8b465ee728b)  -> (artifact id: '910d991b62e5b2a912b0f8d7178773bd') in 0.026442 seconds 
========================================================================
Received Import Request.
  Time since last request: 0.000021 seconds.
  path: Assets/Jonathan Foust/Materials/Orchid Pink.mat
  artifactKey: Guid(aa89aab9e242df04fa849afe3f4c86ed) Importer(815301076,1909f56bfc062723c751e8b465ee728b)
Start importing Assets/Jonathan Foust/Materials/Orchid Pink.mat using Guid(aa89aab9e242df04fa849afe3f4c86ed) Importer(815301076,1909f56bfc062723c751e8b465ee728b)  -> (artifact id: '4d8d3eb1a0e21b735d3b3ccf8a857dc2') in 0.052904 seconds 
========================================================================
Received Import Request.
  Time since last request: 0.000034 seconds.
  path: Assets/Jonathan Foust/Materials/Orchid Orange Texture.png
  artifactKey: Guid(1d4378e8fd8c24944afc91adb2078069) Importer(815301076,1909f56bfc062723c751e8b465ee728b)
Start importing Assets/Jonathan Foust/Materials/Orchid Orange Texture.png using Guid(1d4378e8fd8c24944afc91adb2078069) Importer(815301076,1909f56bfc062723c751e8b465ee728b)  -> (artifact id: '29447f1af1a6948b5b92eaf09b12c52d') in 0.015839 seconds 
========================================================================
Received Import Request.
  Time since last request: 0.000029 seconds.
  path: Assets/Jonathan Foust/Materials/Orchid Blue.mat
  artifactKey: Guid(7efa92dfd746ae445bafebf6f4a7eab7) Importer(815301076,1909f56bfc062723c751e8b465ee728b)
Start importing Assets/Jonathan Foust/Materials/Orchid Blue.mat using Guid(7efa92dfd746ae445bafebf6f4a7eab7) Importer(815301076,1909f56bfc062723c751e8b465ee728b)  -> (artifact id: 'bd774b2689760446a350b4f3ec4b31a1') in 0.037322 seconds 
========================================================================
Received Import Request.
  Time since last request: 0.754699 seconds.
  path: Assets/Jonathan Foust/Materials/Orchid Special Texture.png
  artifactKey: Guid(0c075688b60d34544a850291e52d1152) Importer(815301076,1909f56bfc062723c751e8b465ee728b)
Start importing Assets/Jonathan Foust/Materials/Orchid Special Texture.png using Guid(0c075688b60d34544a850291e52d1152) Importer(815301076,1909f56bfc062723c751e8b465ee728b)  -> (artifact id: 'a1674b0bdb296d9589fa74eb3b838a74') in 0.027335 seconds 
========================================================================
Received Import Request.
  Time since last request: 0.000028 seconds.
  path: Assets/Jonathan Foust/Materials/Orchid White.mat
  artifactKey: Guid(37358981824d1ee49b6816dc00abbf1a) Importer(815301076,1909f56bfc062723c751e8b465ee728b)
Start importing Assets/Jonathan Foust/Materials/Orchid White.mat using Guid(37358981824d1ee49b6816dc00abbf1a) Importer(815301076,1909f56bfc062723c751e8b465ee728b)  -> (artifact id: 'c397168bbbb483e6a88cb94a2220807f') in 0.035783 seconds 
========================================================================
Received Import Request.
  Time since last request: 0.000035 seconds.
  path: Assets/Jonathan Foust/Materials/Orchid Violet.mat
  artifactKey: Guid(84942ba78a593f243bf3203686820bf6) Importer(815301076,1909f56bfc062723c751e8b465ee728b)
Start importing Assets/Jonathan Foust/Materials/Orchid Violet.mat using Guid(84942ba78a593f243bf3203686820bf6) Importer(815301076,1909f56bfc062723c751e8b465ee728b)  -> (artifact id: '9d79fdfcc296ca40eb7fba84b4111929') in 0.039765 seconds 
========================================================================
Received Import Request.
  Time since last request: 0.186068 seconds.
  path: Assets/Jonathan Foust/Materials/Snake Eye Tree  and  Windswept Thorn Tree Leaves Specular Texture.png
  artifactKey: Guid(2639158f59ececb438859bdb7c7a81b9) Importer(815301076,1909f56bfc062723c751e8b465ee728b)
Start importing Assets/Jonathan Foust/Materials/Snake Eye Tree  and  Windswept Thorn Tree Leaves Specular Texture.png using Guid(2639158f59ececb438859bdb7c7a81b9) Importer(815301076,1909f56bfc062723c751e8b465ee728b)  -> (artifact id: 'f927ee272b8781977b7bff8eddafa2bd') in 0.023611 seconds 
========================================================================
Received Import Request.
  Time since last request: 0.000026 seconds.
  path: Assets/Jonathan Foust/Materials/Snake Eye Tree  and  Windswept Thorn Tree Leaves.mat
  artifactKey: Guid(09155836d345a744fa10432acdc8ecee) Importer(815301076,1909f56bfc062723c751e8b465ee728b)
Start importing Assets/Jonathan Foust/Materials/Snake Eye Tree  and  Windswept Thorn Tree Leaves.mat using Guid(09155836d345a744fa10432acdc8ecee) Importer(815301076,1909f56bfc062723c751e8b465ee728b)  -> (artifact id: 'a7f146ce11b2868ffa22cb21cc944534') in 0.030167 seconds 
========================================================================
Received Import Request.
  Time since last request: 0.000023 seconds.
  path: Assets/Jonathan Foust/Materials/Snake Eye Tree  and  Windswept Thorn Tree StemTexture.png
  artifactKey: Guid(8b8394032122b67409c264d761373dd2) Importer(815301076,1909f56bfc062723c751e8b465ee728b)
Start importing Assets/Jonathan Foust/Materials/Snake Eye Tree  and  Windswept Thorn Tree StemTexture.png using Guid(8b8394032122b67409c264d761373dd2) Importer(815301076,1909f56bfc062723c751e8b465ee728b)  -> (artifact id: 'e8d3d53574400ced268f4031abad8b7b') in 0.020984 seconds 
========================================================================
Received Import Request.
  Time since last request: 0.000021 seconds.
  path: Assets/Jonathan Foust/Materials/Sunflower Leaves and Petals.mat
  artifactKey: Guid(88a879f3ca0dfa14ab625947edee4588) Importer(815301076,1909f56bfc062723c751e8b465ee728b)
Start importing Assets/Jonathan Foust/Materials/Sunflower Leaves and Petals.mat using Guid(88a879f3ca0dfa14ab625947edee4588) Importer(815301076,1909f56bfc062723c751e8b465ee728b)  -> (artifact id: '8d11ec89f5a618cf35690bdf79c33eb4') in 0.192590 seconds 
========================================================================
Received Import Request.
  Time since last request: 0.215360 seconds.
  path: Assets/Jonathan Foust/Materials/Sunflower Stem.mat
  artifactKey: Guid(e3fc99a8ffc9ea44d96f5eb7b7654152) Importer(815301076,1909f56bfc062723c751e8b465ee728b)
Start importing Assets/Jonathan Foust/Materials/Sunflower Stem.mat using Guid(e3fc99a8ffc9ea44d96f5eb7b7654152) Importer(815301076,1909f56bfc062723c751e8b465ee728b)  -> (artifact id: '02e242141c0e24ded820700493b6c2ec') in 0.199825 seconds 
========================================================================
Received Import Request.
  Time since last request: 30.487338 seconds.
  path: Assets/Jonathan Foust/Prefabs/Arrowhead Chute Leaf 3.prefab
  artifactKey: Guid(379bfc15c82a01148a9ae1646a646cdc) Importer(815301076,1909f56bfc062723c751e8b465ee728b)
Start importing Assets/Jonathan Foust/Prefabs/Arrowhead Chute Leaf 3.prefab using Guid(379bfc15c82a01148a9ae1646a646cdc) Importer(815301076,1909f56bfc062723c751e8b465ee728b)  -> (artifact id: 'e2b3607588f0d2a58f5c202f8eab4834') in 0.199229 seconds 
========================================================================
Received Import Request.
  Time since last request: 0.000028 seconds.
  path: Assets/Jonathan Foust/Prefabs/Flat Mint Bush 3.prefab
  artifactKey: Guid(b4315a1dc8ce4a9428cb1c5dfb317f4e) Importer(815301076,1909f56bfc062723c751e8b465ee728b)
Start importing Assets/Jonathan Foust/Prefabs/Flat Mint Bush 3.prefab using Guid(b4315a1dc8ce4a9428cb1c5dfb317f4e) Importer(815301076,1909f56bfc062723c751e8b465ee728b)  -> (artifact id: 'a080856d182382f6d41066d57c5dbac3') in 0.082027 seconds 
========================================================================
Received Import Request.
  Time since last request: 0.000029 seconds.
  path: Assets/Jonathan Foust/Prefabs/Coleus 3.prefab
  artifactKey: Guid(760217d773ca56e44afd862b8ed159fc) Importer(815301076,1909f56bfc062723c751e8b465ee728b)
Start importing Assets/Jonathan Foust/Prefabs/Coleus 3.prefab using Guid(760217d773ca56e44afd862b8ed159fc) Importer(815301076,1909f56bfc062723c751e8b465ee728b)  -> (artifact id: '4e3fed8b71716ca58ea457403fd76c4a') in 0.050473 seconds 
========================================================================
Received Import Request.
  Time since last request: 0.000017 seconds.
  path: Assets/Jonathan Foust/Prefabs/Arrowhead Chute Plant 2.prefab
  artifactKey: Guid(78e6965d6e188cb498251d824f675c6b) Importer(815301076,1909f56bfc062723c751e8b465ee728b)
Start importing Assets/Jonathan Foust/Prefabs/Arrowhead Chute Plant 2.prefab using Guid(78e6965d6e188cb498251d824f675c6b) Importer(815301076,1909f56bfc062723c751e8b465ee728b)  -> (artifact id: '794243195d64fa83b02116181d3c2a1f') in 0.039893 seconds 
========================================================================
Received Import Request.
  Time since last request: 0.000020 seconds.
  path: Assets/Jonathan Foust/Prefabs/Fairy Chute Flower 2.prefab
  artifactKey: Guid(ced6f2b57b8494345895c889629b53d8) Importer(815301076,1909f56bfc062723c751e8b465ee728b)
Start importing Assets/Jonathan Foust/Prefabs/Fairy Chute Flower 2.prefab using Guid(ced6f2b57b8494345895c889629b53d8) Importer(815301076,1909f56bfc062723c751e8b465ee728b)  -> (artifact id: 'f5408ddfe876d6a90a2ca88162422f2a') in 0.028520 seconds 
========================================================================
Received Import Request.
  Time since last request: 0.000023 seconds.
  path: Assets/Jonathan Foust/Prefabs/Coleus 4.prefab
  artifactKey: Guid(31eb5e344ea4f324994fc86d2032c23b) Importer(815301076,1909f56bfc062723c751e8b465ee728b)
Start importing Assets/Jonathan Foust/Prefabs/Coleus 4.prefab using Guid(31eb5e344ea4f324994fc86d2032c23b) Importer(815301076,1909f56bfc062723c751e8b465ee728b)  -> (artifact id: '4a15b2ada0e0d09b44128e55aa183c98') in 0.031811 seconds 
========================================================================
Received Import Request.
  Time since last request: 0.000022 seconds.
  path: Assets/Jonathan Foust/Prefabs/Arrowhead Chute Plant 3.prefab
  artifactKey: Guid(edc67c3f81dcc6c4c8841676c8a0edcb) Importer(815301076,1909f56bfc062723c751e8b465ee728b)
Start importing Assets/Jonathan Foust/Prefabs/Arrowhead Chute Plant 3.prefab using Guid(edc67c3f81dcc6c4c8841676c8a0edcb) Importer(815301076,1909f56bfc062723c751e8b465ee728b)  -> (artifact id: '0524c6583cb01445eb1719c856c9c560') in 0.026147 seconds 
========================================================================
Received Import Request.
  Time since last request: 0.000022 seconds.
  path: Assets/Jonathan Foust/Prefabs/Dandelion 1.prefab
  artifactKey: Guid(3583e87452b141b4d83ce97c6fb75a0e) Importer(815301076,1909f56bfc062723c751e8b465ee728b)
Start importing Assets/Jonathan Foust/Prefabs/Dandelion 1.prefab using Guid(3583e87452b141b4d83ce97c6fb75a0e) Importer(815301076,1909f56bfc062723c751e8b465ee728b)  -> (artifact id: 'a2e77e3c4949a42daf68c2f182f9460d') in 0.028137 seconds 
========================================================================
Received Import Request.
  Time since last request: 0.000026 seconds.
  path: Assets/Jonathan Foust/Prefabs/Fairy Chute Bush 7.prefab
  artifactKey: Guid(409bea540e624b34cace67b2b2223eaa) Importer(815301076,1909f56bfc062723c751e8b465ee728b)
Start importing Assets/Jonathan Foust/Prefabs/Fairy Chute Bush 7.prefab using Guid(409bea540e624b34cace67b2b2223eaa) Importer(815301076,1909f56bfc062723c751e8b465ee728b)  -> (artifact id: 'd059aaf78a8970e511010e75db367dae') in 0.026731 seconds 
========================================================================
Received Import Request.
  Time since last request: 0.000043 seconds.
  path: Assets/Jonathan Foust/Prefabs/Dandelion 2 .prefab
  artifactKey: Guid(ecd9c641ca0d10749aecb4a5ab6af482) Importer(815301076,1909f56bfc062723c751e8b465ee728b)
Start importing Assets/Jonathan Foust/Prefabs/Dandelion 2 .prefab using Guid(ecd9c641ca0d10749aecb4a5ab6af482) Importer(815301076,1909f56bfc062723c751e8b465ee728b)  -> (artifact id: '55c32c7ba160caae0bb4f9acda1465af') in 0.019557 seconds 
========================================================================
Received Import Request.
  Time since last request: 0.000047 seconds.
  path: Assets/Jonathan Foust/Prefabs/Fairy Chute Bush 6.prefab
  artifactKey: Guid(732f78e5f63ab9c4a8826c26cf7bf526) Importer(815301076,1909f56bfc062723c751e8b465ee728b)
Start importing Assets/Jonathan Foust/Prefabs/Fairy Chute Bush 6.prefab using Guid(732f78e5f63ab9c4a8826c26cf7bf526) Importer(815301076,1909f56bfc062723c751e8b465ee728b)  -> (artifact id: 'd9f70a4cf63a23377b5d856589a5e73e') in 0.026056 seconds 
========================================================================
Received Import Request.
  Time since last request: 0.000059 seconds.
  path: Assets/Jonathan Foust/Prefabs/Fairy Chute Bush 4.prefab
  artifactKey: Guid(8832a4500e4266c48b17536b2cdb22e4) Importer(815301076,1909f56bfc062723c751e8b465ee728b)
Start importing Assets/Jonathan Foust/Prefabs/Fairy Chute Bush 4.prefab using Guid(8832a4500e4266c48b17536b2cdb22e4) Importer(815301076,1909f56bfc062723c751e8b465ee728b)  -> (artifact id: 'f2929910751f26710837e4281f773aa3') in 0.026659 seconds 
========================================================================
Received Import Request.
  Time since last request: 0.000023 seconds.
  path: Assets/Jonathan Foust/Prefabs/Fairy Chute Bush 2.prefab
  artifactKey: Guid(b577dde58d9303b408d12b63d0b1d5d9) Importer(815301076,1909f56bfc062723c751e8b465ee728b)
Start importing Assets/Jonathan Foust/Prefabs/Fairy Chute Bush 2.prefab using Guid(b577dde58d9303b408d12b63d0b1d5d9) Importer(815301076,1909f56bfc062723c751e8b465ee728b)  -> (artifact id: 'da2279039a966ca0447f6ecf304e73f8') in 0.026647 seconds 
========================================================================
Received Import Request.
  Time since last request: 0.569080 seconds.
  path: Assets/Jonathan Foust/Prefabs/Glower Hop 1B.prefab
  artifactKey: Guid(062f8b28f8a976f418cd0602f2b8e772) Importer(815301076,1909f56bfc062723c751e8b465ee728b)
Start importing Assets/Jonathan Foust/Prefabs/Glower Hop 1B.prefab using Guid(062f8b28f8a976f418cd0602f2b8e772) Importer(815301076,1909f56bfc062723c751e8b465ee728b)  -> (artifact id: 'c876b710d76d60ca7e0cce035f18244b') in 0.026393 seconds 
========================================================================
Received Import Request.
  Time since last request: 0.000029 seconds.
  path: Assets/Jonathan Foust/Prefabs/Glower Hop 2B.prefab
  artifactKey: Guid(bd74f3a23aeda9140bc166cd49fc80df) Importer(815301076,1909f56bfc062723c751e8b465ee728b)
Start importing Assets/Jonathan Foust/Prefabs/Glower Hop 2B.prefab using Guid(bd74f3a23aeda9140bc166cd49fc80df) Importer(815301076,1909f56bfc062723c751e8b465ee728b)  -> (artifact id: '0ac61c71290dc713443b5996fcc68ae2') in 0.022988 seconds 
========================================================================
Received Import Request.
  Time since last request: 0.000022 seconds.
  path: Assets/Jonathan Foust/Prefabs/Glower Hop 3A.prefab
  artifactKey: Guid(b30640dbce03dbd459b340a1d972a32a) Importer(815301076,1909f56bfc062723c751e8b465ee728b)
Start importing Assets/Jonathan Foust/Prefabs/Glower Hop 3A.prefab using Guid(b30640dbce03dbd459b340a1d972a32a) Importer(815301076,1909f56bfc062723c751e8b465ee728b)  -> (artifact id: 'd049027ddbd37f4683e8f984c09391b6') in 0.026387 seconds 
========================================================================
Received Import Request.
  Time since last request: 0.000022 seconds.
  path: Assets/Jonathan Foust/Prefabs/Glower Hop 1C.prefab
  artifactKey: Guid(de2a5456671e5e74eb78d63e3a288f6b) Importer(815301076,1909f56bfc062723c751e8b465ee728b)
Start importing Assets/Jonathan Foust/Prefabs/Glower Hop 1C.prefab using Guid(de2a5456671e5e74eb78d63e3a288f6b) Importer(815301076,1909f56bfc062723c751e8b465ee728b)  -> (artifact id: '5e558a05be691ae3ee59874caf57b399') in 0.024060 seconds 
========================================================================
Received Import Request.
  Time since last request: 0.000018 seconds.
  path: Assets/Jonathan Foust/Prefabs/Glower Hop 2A.prefab
  artifactKey: Guid(d0a9a0ded72f6f64fa73c75162a4411a) Importer(815301076,1909f56bfc062723c751e8b465ee728b)
Start importing Assets/Jonathan Foust/Prefabs/Glower Hop 2A.prefab using Guid(d0a9a0ded72f6f64fa73c75162a4411a) Importer(815301076,1909f56bfc062723c751e8b465ee728b)  -> (artifact id: 'f184c48207e3d3cf727bdbaa520c0154') in 0.026373 seconds 
========================================================================
Received Import Request.
  Time since last request: 0.088119 seconds.
  path: Assets/Jonathan Foust/Prefabs/Glower Hop 3D.prefab
  artifactKey: Guid(174e1d927b2099c4ba5294fcb5d80bb1) Importer(815301076,1909f56bfc062723c751e8b465ee728b)
Start importing Assets/Jonathan Foust/Prefabs/Glower Hop 3D.prefab using Guid(174e1d927b2099c4ba5294fcb5d80bb1) Importer(815301076,1909f56bfc062723c751e8b465ee728b)  -> (artifact id: 'f2f98be085d92bc13a4ddf4bb04d320a') in 0.026045 seconds 
========================================================================
Received Import Request.
  Time since last request: 0.000019 seconds.
  path: Assets/Jonathan Foust/Prefabs/Glower Hop 4D.prefab
  artifactKey: Guid(75387eca624df364287d09bcac8d9c3e) Importer(815301076,1909f56bfc062723c751e8b465ee728b)
Start importing Assets/Jonathan Foust/Prefabs/Glower Hop 4D.prefab using Guid(75387eca624df364287d09bcac8d9c3e) Importer(815301076,1909f56bfc062723c751e8b465ee728b)  -> (artifact id: '9a4df5af3e3442c3d352ecf4fc627288') in 0.024146 seconds 
========================================================================
Received Import Request.
  Time since last request: 0.000021 seconds.
  path: Assets/Jonathan Foust/Prefabs/Glower Hop 3E.prefab
  artifactKey: Guid(6650b1555a8e1654bab7bc878da86ddb) Importer(815301076,1909f56bfc062723c751e8b465ee728b)
Start importing Assets/Jonathan Foust/Prefabs/Glower Hop 3E.prefab using Guid(6650b1555a8e1654bab7bc878da86ddb) Importer(815301076,1909f56bfc062723c751e8b465ee728b)  -> (artifact id: '99a04e16fc2443828e3e0f4cff147521') in 0.025034 seconds 
========================================================================
Received Import Request.
  Time since last request: 0.000019 seconds.
  path: Assets/Jonathan Foust/Prefabs/Glower Hop 6B.prefab
  artifactKey: Guid(b0d04cf765375cc4eb5801d3918b280e) Importer(815301076,1909f56bfc062723c751e8b465ee728b)
Start importing Assets/Jonathan Foust/Prefabs/Glower Hop 6B.prefab using Guid(b0d04cf765375cc4eb5801d3918b280e) Importer(815301076,1909f56bfc062723c751e8b465ee728b)  -> (artifact id: 'aa4dcb07d54c93fbc71f836225aa26e1') in 0.024706 seconds 
========================================================================
Received Import Request.
  Time since last request: 0.000021 seconds.
  path: Assets/Jonathan Foust/Prefabs/Glower Hop 6E.prefab
  artifactKey: Guid(bfa751944125f4542b7b0fdd50466bb0) Importer(815301076,1909f56bfc062723c751e8b465ee728b)
Start importing Assets/Jonathan Foust/Prefabs/Glower Hop 6E.prefab using Guid(bfa751944125f4542b7b0fdd50466bb0) Importer(815301076,1909f56bfc062723c751e8b465ee728b)  -> (artifact id: '928563f7b4ecb484abbecf569b02c53f') in 0.026793 seconds 
========================================================================
Received Import Request.
  Time since last request: 0.000028 seconds.
  path: Assets/Jonathan Foust/Prefabs/Glower Hop 7E.prefab
  artifactKey: Guid(f1ad1237d7995bb4b87687da2978d32a) Importer(815301076,1909f56bfc062723c751e8b465ee728b)
Start importing Assets/Jonathan Foust/Prefabs/Glower Hop 7E.prefab using Guid(f1ad1237d7995bb4b87687da2978d32a) Importer(815301076,1909f56bfc062723c751e8b465ee728b)  -> (artifact id: 'b3c423b5aee0886a09f505c7e95bdd70') in 0.029240 seconds 
========================================================================
Received Import Request.
  Time since last request: 0.000040 seconds.
  path: Assets/Jonathan Foust/Prefabs/Glower Hop 5A.prefab
  artifactKey: Guid(22a729e8d93744f479e631b6018172e5) Importer(815301076,1909f56bfc062723c751e8b465ee728b)
Start importing Assets/Jonathan Foust/Prefabs/Glower Hop 5A.prefab using Guid(22a729e8d93744f479e631b6018172e5) Importer(815301076,1909f56bfc062723c751e8b465ee728b)  -> (artifact id: '76584890f720407763760dadba4e93ec') in 0.028681 seconds 
========================================================================
Received Import Request.
  Time since last request: 0.000040 seconds.
  path: Assets/Jonathan Foust/Prefabs/Glower Hop 7A.prefab
  artifactKey: Guid(ae4cd6b68108b754fa40f01d1d368ea5) Importer(815301076,1909f56bfc062723c751e8b465ee728b)
Start importing Assets/Jonathan Foust/Prefabs/Glower Hop 7A.prefab using Guid(ae4cd6b68108b754fa40f01d1d368ea5) Importer(815301076,1909f56bfc062723c751e8b465ee728b)  -> (artifact id: '65c6f8edbfb87e3695bff0a60e2f57cc') in 0.027767 seconds 
========================================================================
Received Import Request.
  Time since last request: 0.335580 seconds.
  path: Assets/Jonathan Foust/Prefabs/Glower Hop 8C.prefab
  artifactKey: Guid(f0805b69ece942b439e158b6d810f954) Importer(815301076,1909f56bfc062723c751e8b465ee728b)
Start importing Assets/Jonathan Foust/Prefabs/Glower Hop 8C.prefab using Guid(f0805b69ece942b439e158b6d810f954) Importer(815301076,1909f56bfc062723c751e8b465ee728b)  -> (artifact id: '6acf3cff49bb961d0b88cb2a64441947') in 0.026824 seconds 
========================================================================
Received Import Request.
  Time since last request: 0.000030 seconds.
  path: Assets/Jonathan Foust/Prefabs/Glower Hop 8E.prefab
  artifactKey: Guid(11f46cd5a963d244ea2c3c95e8f724c9) Importer(815301076,1909f56bfc062723c751e8b465ee728b)
Start importing Assets/Jonathan Foust/Prefabs/Glower Hop 8E.prefab using Guid(11f46cd5a963d244ea2c3c95e8f724c9) Importer(815301076,1909f56bfc062723c751e8b465ee728b)  -> (artifact id: '61d35117e82895305126f2214b61ee5b') in 0.024589 seconds 
========================================================================
Received Import Request.
  Time since last request: 0.000038 seconds.
  path: Assets/Jonathan Foust/Prefabs/Grass D Bush 2.prefab
  artifactKey: Guid(9b945cc1e9a41ea48bf4ada748a9d43d) Importer(815301076,1909f56bfc062723c751e8b465ee728b)
Start importing Assets/Jonathan Foust/Prefabs/Grass D Bush 2.prefab using Guid(9b945cc1e9a41ea48bf4ada748a9d43d) Importer(815301076,1909f56bfc062723c751e8b465ee728b)  -> (artifact id: 'cde73ccae8fd182a2f840db2a9a02d0a') in 0.020342 seconds 
========================================================================
Received Import Request.
  Time since last request: 0.000028 seconds.
  path: Assets/Jonathan Foust/Prefabs/Hosta 1C.prefab
  artifactKey: Guid(45649c2aa57dc67438c47321d5869707) Importer(815301076,1909f56bfc062723c751e8b465ee728b)
Start importing Assets/Jonathan Foust/Prefabs/Hosta 1C.prefab using Guid(45649c2aa57dc67438c47321d5869707) Importer(815301076,1909f56bfc062723c751e8b465ee728b)  -> (artifact id: '4fc8274cab7b8cead69dedb72fbc6918') in 0.023942 seconds 
========================================================================
Received Import Request.
  Time since last request: 0.000022 seconds.
  path: Assets/Jonathan Foust/Prefabs/Hosta 3 Leaf.prefab
  artifactKey: Guid(96db8401db887894f8421f29182ac23b) Importer(815301076,1909f56bfc062723c751e8b465ee728b)
Start importing Assets/Jonathan Foust/Prefabs/Hosta 3 Leaf.prefab using Guid(96db8401db887894f8421f29182ac23b) Importer(815301076,1909f56bfc062723c751e8b465ee728b)  -> (artifact id: 'e585610d1549b4b4c7a645edf7aa0406') in 0.025745 seconds 
========================================================================
Received Import Request.
  Time since last request: 0.000023 seconds.
  path: Assets/Jonathan Foust/Prefabs/Hosta 1A.prefab
  artifactKey: Guid(59167239bc8caf3458f1ad117303be28) Importer(815301076,1909f56bfc062723c751e8b465ee728b)
Start importing Assets/Jonathan Foust/Prefabs/Hosta 1A.prefab using Guid(59167239bc8caf3458f1ad117303be28) Importer(815301076,1909f56bfc062723c751e8b465ee728b)  -> (artifact id: 'd1eaedfcec1983403138c2ecae89541c') in 0.026128 seconds 
========================================================================
Received Import Request.
  Time since last request: 0.000028 seconds.
  path: Assets/Jonathan Foust/Prefabs/Hosta 3C.prefab
  artifactKey: Guid(6ee7f66da90747b41a480ba9999d5009) Importer(815301076,1909f56bfc062723c751e8b465ee728b)
Start importing Assets/Jonathan Foust/Prefabs/Hosta 3C.prefab using Guid(6ee7f66da90747b41a480ba9999d5009) Importer(815301076,1909f56bfc062723c751e8b465ee728b)  -> (artifact id: 'b85e90b608c96eaeb75561fd0271bcbf') in 0.027802 seconds 
========================================================================
Received Import Request.
  Time since last request: 0.000042 seconds.
  path: Assets/Jonathan Foust/Prefabs/Hosta 1 Leaf.prefab
  artifactKey: Guid(86de298aa1842ec4ca339deb693188a1) Importer(815301076,1909f56bfc062723c751e8b465ee728b)
Start importing Assets/Jonathan Foust/Prefabs/Hosta 1 Leaf.prefab using Guid(86de298aa1842ec4ca339deb693188a1) Importer(815301076,1909f56bfc062723c751e8b465ee728b)  -> (artifact id: 'f94f93ca896766752fcae8fe9a55794f') in 0.026493 seconds 
========================================================================
Received Import Request.
  Time since last request: 0.443615 seconds.
  path: Assets/Jonathan Foust/Prefabs/Orchid Pink.prefab
  artifactKey: Guid(cdc83eaf47b624e4496ebc31deee3fce) Importer(815301076,1909f56bfc062723c751e8b465ee728b)
Start importing Assets/Jonathan Foust/Prefabs/Orchid Pink.prefab using Guid(cdc83eaf47b624e4496ebc31deee3fce) Importer(815301076,1909f56bfc062723c751e8b465ee728b)  -> (artifact id: '65339bcc393f6e1c00c3bd3dd874bfc1') in 0.023143 seconds 
========================================================================
Received Import Request.
  Time since last request: 0.000029 seconds.
  path: Assets/Jonathan Foust/Prefabs/Orchid Violet.prefab
  artifactKey: Guid(62df58882c1e5e947a342358b694bf32) Importer(815301076,1909f56bfc062723c751e8b465ee728b)
Start importing Assets/Jonathan Foust/Prefabs/Orchid Violet.prefab using Guid(62df58882c1e5e947a342358b694bf32) Importer(815301076,1909f56bfc062723c751e8b465ee728b)  -> (artifact id: '62373f966ae5271cd273acac52a0bc16') in 0.021048 seconds 
========================================================================
Received Import Request.
  Time since last request: 0.000035 seconds.
  path: Assets/Jonathan Foust/Prefabs/Snake Eye Leaves 2.prefab
  artifactKey: Guid(465bce4f4f2c14440873f40f897d3138) Importer(815301076,1909f56bfc062723c751e8b465ee728b)
Start importing Assets/Jonathan Foust/Prefabs/Snake Eye Leaves 2.prefab using Guid(465bce4f4f2c14440873f40f897d3138) Importer(815301076,1909f56bfc062723c751e8b465ee728b)  -> (artifact id: '852af531dd2d1b206abd3ef4471d9e0b') in 0.026931 seconds 
========================================================================
Received Import Request.
  Time since last request: 0.000027 seconds.
  path: Assets/Jonathan Foust/Prefabs/Snake Eye Tree Big.prefab
  artifactKey: Guid(6cdc541ea40735f42b8ff741b8f2e7c0) Importer(815301076,1909f56bfc062723c751e8b465ee728b)
Start importing Assets/Jonathan Foust/Prefabs/Snake Eye Tree Big.prefab using Guid(6cdc541ea40735f42b8ff741b8f2e7c0) Importer(815301076,1909f56bfc062723c751e8b465ee728b)  -> (artifact id: 'e08ba02fff34e064190a729dcafc49a6') in 0.211730 seconds 
========================================================================
Received Import Request.
  Time since last request: 0.000028 seconds.
  path: Assets/Jonathan Foust/Prefabs/Snake Eye Tree Small.prefab
  artifactKey: Guid(eb6ba9555cfed6140bf0a895cbd1ac5a) Importer(815301076,1909f56bfc062723c751e8b465ee728b)
Start importing Assets/Jonathan Foust/Prefabs/Snake Eye Tree Small.prefab using Guid(eb6ba9555cfed6140bf0a895cbd1ac5a) Importer(815301076,1909f56bfc062723c751e8b465ee728b)  -> (artifact id: 'f5a89f174e70a83b1ab75b70815b2330') in 0.036291 seconds 
========================================================================
Received Import Request.
  Time since last request: 0.000052 seconds.
  path: Assets/Jonathan Foust/Prefabs/Thorn Leaf Leaf.prefab
  artifactKey: Guid(83bee00069d48a64aa1b5527af6d5b11) Importer(815301076,1909f56bfc062723c751e8b465ee728b)
Start importing Assets/Jonathan Foust/Prefabs/Thorn Leaf Leaf.prefab using Guid(83bee00069d48a64aa1b5527af6d5b11) Importer(815301076,1909f56bfc062723c751e8b465ee728b)  -> (artifact id: '9726147fd84798f5aa7199c96fc532bc') in 0.033285 seconds 
========================================================================
Received Import Request.
  Time since last request: 0.000025 seconds.
  path: Assets/Jonathan Foust/Prefabs/Underbrush Vine Flat 1.prefab
  artifactKey: Guid(d6dfb23391cecad48b1f51acc2560eec) Importer(815301076,1909f56bfc062723c751e8b465ee728b)
Start importing Assets/Jonathan Foust/Prefabs/Underbrush Vine Flat 1.prefab using Guid(d6dfb23391cecad48b1f51acc2560eec) Importer(815301076,1909f56bfc062723c751e8b465ee728b)  -> (artifact id: 'ccb54338b0c4cab0760883ad3951b627') in 0.029859 seconds 
========================================================================
Received Import Request.
  Time since last request: 0.000025 seconds.
  path: Assets/Jonathan Foust/Prefabs/Underbrush Vine Leaf 2.prefab
  artifactKey: Guid(c904b5d6c1f21d240866fc78a5e521ad) Importer(815301076,1909f56bfc062723c751e8b465ee728b)
Start importing Assets/Jonathan Foust/Prefabs/Underbrush Vine Leaf 2.prefab using Guid(c904b5d6c1f21d240866fc78a5e521ad) Importer(815301076,1909f56bfc062723c751e8b465ee728b)  -> (artifact id: 'e466774db1666e90568d535bb5c71107') in 0.029550 seconds 
========================================================================
Received Import Request.
  Time since last request: 0.000032 seconds.
  path: Assets/Jonathan Foust/Prefabs/Thorn Leaf Bush 1.prefab
  artifactKey: Guid(dea9d8cb5e1db7c499e1746bb8db4289) Importer(815301076,1909f56bfc062723c751e8b465ee728b)
Start importing Assets/Jonathan Foust/Prefabs/Thorn Leaf Bush 1.prefab using Guid(dea9d8cb5e1db7c499e1746bb8db4289) Importer(815301076,1909f56bfc062723c751e8b465ee728b)  -> (artifact id: '41fe24722f820ae57e64ae153e249eb6') in 0.030201 seconds 
========================================================================
Received Import Request.
  Time since last request: 0.000030 seconds.
  path: Assets/Jonathan Foust/Prefabs/Underbrush Vine Leaf 3.prefab
  artifactKey: Guid(8f295f5edf120094889e55469fb251e4) Importer(815301076,1909f56bfc062723c751e8b465ee728b)
Start importing Assets/Jonathan Foust/Prefabs/Underbrush Vine Leaf 3.prefab using Guid(8f295f5edf120094889e55469fb251e4) Importer(815301076,1909f56bfc062723c751e8b465ee728b)  -> (artifact id: '1abc5b808d3f224e909c87442c63ca2c') in 0.030484 seconds 
========================================================================
Received Import Request.
  Time since last request: 0.000033 seconds.
  path: Assets/Jonathan Foust/Prefabs/Purple Fringeless Orchid.prefab
  artifactKey: Guid(91d9d2d8a3f807646983a0668918d3ff) Importer(815301076,1909f56bfc062723c751e8b465ee728b)
Start importing Assets/Jonathan Foust/Prefabs/Purple Fringeless Orchid.prefab using Guid(91d9d2d8a3f807646983a0668918d3ff) Importer(815301076,1909f56bfc062723c751e8b465ee728b)  -> (artifact id: '261c05e48c6399f64a202e92dceeab4f') in 0.023201 seconds 
========================================================================
Received Import Request.
  Time since last request: 0.000025 seconds.
  path: Assets/Jonathan Foust/Prefabs/Underbrush Vine Vertical 1.prefab
  artifactKey: Guid(156f743d4a4a8ae48a6baed67fb8f3c5) Importer(815301076,1909f56bfc062723c751e8b465ee728b)
Start importing Assets/Jonathan Foust/Prefabs/Underbrush Vine Vertical 1.prefab using Guid(156f743d4a4a8ae48a6baed67fb8f3c5) Importer(815301076,1909f56bfc062723c751e8b465ee728b)  -> (artifact id: '7af94bce31e8d583f3324638031b3e1c') in 0.030710 seconds 
========================================================================
Received Import Request.
  Time since last request: 0.000041 seconds.
  path: Assets/Jonathan Foust/Prefabs/Snake Eye Leaves 1.prefab
  artifactKey: Guid(fb0404fbdfeab8843a016d3b6dc4c5c5) Importer(815301076,1909f56bfc062723c751e8b465ee728b)
Start importing Assets/Jonathan Foust/Prefabs/Snake Eye Leaves 1.prefab using Guid(fb0404fbdfeab8843a016d3b6dc4c5c5) Importer(815301076,1909f56bfc062723c751e8b465ee728b)  -> (artifact id: 'f5284ff4dbea6a4e143def062d0dc7ea') in 0.025692 seconds 
========================================================================
Received Import Request.
  Time since last request: 0.000023 seconds.
  path: Assets/Jonathan Foust/Prefabs/Underbrush Vine Flat 2.prefab
  artifactKey: Guid(4d69cfc30cdc48942a5bfa50cfcce396) Importer(815301076,1909f56bfc062723c751e8b465ee728b)
Start importing Assets/Jonathan Foust/Prefabs/Underbrush Vine Flat 2.prefab using Guid(4d69cfc30cdc48942a5bfa50cfcce396) Importer(815301076,1909f56bfc062723c751e8b465ee728b)  -> (artifact id: 'f13588d856c26adedba4c99792099be6') in 0.025339 seconds 
========================================================================
Received Import Request.
  Time since last request: 0.000035 seconds.
  path: Assets/Jonathan Foust/Prefabs/Snake Eye Sapling 3.prefab
  artifactKey: Guid(2fbbfc97a1b1d5b4e959659e98e47a54) Importer(815301076,1909f56bfc062723c751e8b465ee728b)
Start importing Assets/Jonathan Foust/Prefabs/Snake Eye Sapling 3.prefab using Guid(2fbbfc97a1b1d5b4e959659e98e47a54) Importer(815301076,1909f56bfc062723c751e8b465ee728b)  -> (artifact id: 'a82703e5dfbc6563a00909c433546e16') in 0.025279 seconds 
========================================================================
Received Import Request.
  Time since last request: 328.833191 seconds.
  path: Assets/Jonathan Foust/Meshes/Arrowhead Chute Leaf 2.fbx
  artifactKey: Guid(35cac9ec15527394989cec564e2d2f37) Importer(815301076,1909f56bfc062723c751e8b465ee728b)
Start importing Assets/Jonathan Foust/Meshes/Arrowhead Chute Leaf 2.fbx using Guid(35cac9ec15527394989cec564e2d2f37) Importer(815301076,1909f56bfc062723c751e8b465ee728b)  -> (artifact id: 'e2b46f21152b235e49a16bfe9949097d') in 0.030235 seconds 
========================================================================
Received Import Request.
  Time since last request: 0.000027 seconds.
  path: Assets/Jonathan Foust/Meshes/Dandelion 3 .fbx
  artifactKey: Guid(c7e96e4f74d27ac4fa38937f96c00dca) Importer(815301076,1909f56bfc062723c751e8b465ee728b)
Start importing Assets/Jonathan Foust/Meshes/Dandelion 3 .fbx using Guid(c7e96e4f74d27ac4fa38937f96c00dca) Importer(815301076,1909f56bfc062723c751e8b465ee728b)  -> (artifact id: 'c4d60eb5c01635f8c2e4e2615b228abe') in 0.026790 seconds 
========================================================================
Received Import Request.
  Time since last request: 0.000023 seconds.
  path: Assets/Jonathan Foust/Meshes/Arrowhead Chute Plant 4.fbx
  artifactKey: Guid(79c8c272ed323a74bb748da84a21efa0) Importer(815301076,1909f56bfc062723c751e8b465ee728b)
Start importing Assets/Jonathan Foust/Meshes/Arrowhead Chute Plant 4.fbx using Guid(79c8c272ed323a74bb748da84a21efa0) Importer(815301076,1909f56bfc062723c751e8b465ee728b)  -> (artifact id: '0c774d871504949c25ec8409565721a6') in 0.033449 seconds 
========================================================================
Received Import Request.
  Time since last request: 0.000040 seconds.
  path: Assets/Jonathan Foust/Meshes/Garlic Mustard 1.fbx
  artifactKey: Guid(dda16de8c4edabd4c8f55a8d0b0877d9) Importer(815301076,1909f56bfc062723c751e8b465ee728b)
Start importing Assets/Jonathan Foust/Meshes/Garlic Mustard 1.fbx using Guid(dda16de8c4edabd4c8f55a8d0b0877d9) Importer(815301076,1909f56bfc062723c751e8b465ee728b)  -> (artifact id: '2b2df85972fe9f2b150a03cf24164210') in 0.153506 seconds 
========================================================================
Received Import Request.
  Time since last request: 0.000025 seconds.
  path: Assets/Jonathan Foust/Meshes/Coleus 1 Leaf.fbx
  artifactKey: Guid(722388e3d901a0b498f7e535a8e2ece2) Importer(815301076,1909f56bfc062723c751e8b465ee728b)
Start importing Assets/Jonathan Foust/Meshes/Coleus 1 Leaf.fbx using Guid(722388e3d901a0b498f7e535a8e2ece2) Importer(815301076,1909f56bfc062723c751e8b465ee728b)  -> (artifact id: '1f334b7fc3df6e7cff2eda8c59ecde3d') in 0.028530 seconds 
========================================================================
Received Import Request.
  Time since last request: 0.000056 seconds.
  path: Assets/Jonathan Foust/Meshes/Arrowhead Chute Plant 2.fbx
  artifactKey: Guid(79cb2729d91d2cf4f9f1ed0eecf0a590) Importer(815301076,1909f56bfc062723c751e8b465ee728b)
Start importing Assets/Jonathan Foust/Meshes/Arrowhead Chute Plant 2.fbx using Guid(79cb2729d91d2cf4f9f1ed0eecf0a590) Importer(815301076,1909f56bfc062723c751e8b465ee728b)  -> (artifact id: '619f33658b6b7019a682fccb5f39d984') in 0.040184 seconds 
========================================================================
Received Import Request.
  Time since last request: 0.000021 seconds.
  path: Assets/Jonathan Foust/Meshes/Fairy Chute Leaf.fbx
  artifactKey: Guid(a91c07bdd5a92684fa16105f34bff087) Importer(815301076,1909f56bfc062723c751e8b465ee728b)
Start importing Assets/Jonathan Foust/Meshes/Fairy Chute Leaf.fbx using Guid(a91c07bdd5a92684fa16105f34bff087) Importer(815301076,1909f56bfc062723c751e8b465ee728b)  -> (artifact id: '3686428e2c68cb019f03583ccb657d97') in 0.026051 seconds 
========================================================================
Received Import Request.
  Time since last request: 0.000029 seconds.
  path: Assets/Jonathan Foust/Meshes/Fairy Chute Flower 1.fbx
  artifactKey: Guid(caecf6fc9862b2043a984407cd3c98b8) Importer(815301076,1909f56bfc062723c751e8b465ee728b)
Start importing Assets/Jonathan Foust/Meshes/Fairy Chute Flower 1.fbx using Guid(caecf6fc9862b2043a984407cd3c98b8) Importer(815301076,1909f56bfc062723c751e8b465ee728b)  -> (artifact id: 'a618c2707fd3f15d76529a2947368316') in 0.027125 seconds 
========================================================================
Received Import Request.
  Time since last request: 0.000020 seconds.
  path: Assets/Jonathan Foust/Meshes/Flat Mint Bush 1.fbx
  artifactKey: Guid(93e5ae4319f31e14cb3fee57609bfbab) Importer(815301076,1909f56bfc062723c751e8b465ee728b)
Start importing Assets/Jonathan Foust/Meshes/Flat Mint Bush 1.fbx using Guid(93e5ae4319f31e14cb3fee57609bfbab) Importer(815301076,1909f56bfc062723c751e8b465ee728b)  -> (artifact id: 'd3a79124f5b2b1efa097af4406d182f6') in 0.023835 seconds 
========================================================================
Received Import Request.
  Time since last request: 0.000029 seconds.
  path: Assets/Jonathan Foust/Meshes/Coleus 4.fbx
  artifactKey: Guid(aae563e949c6b5c4a872b4ef6bec8a15) Importer(815301076,1909f56bfc062723c751e8b465ee728b)
Start importing Assets/Jonathan Foust/Meshes/Coleus 4.fbx using Guid(aae563e949c6b5c4a872b4ef6bec8a15) Importer(815301076,1909f56bfc062723c751e8b465ee728b)  -> (artifact id: 'f289716f644815c8149721b857dee0c2') in 0.026648 seconds 
========================================================================
Received Import Request.
  Time since last request: 0.000026 seconds.
  path: Assets/Jonathan Foust/Meshes/Arrowhead Chute Plant 3.fbx
  artifactKey: Guid(8b95a776c7078d045a8a374b9ce467cd) Importer(815301076,1909f56bfc062723c751e8b465ee728b)
Start importing Assets/Jonathan Foust/Meshes/Arrowhead Chute Plant 3.fbx using Guid(8b95a776c7078d045a8a374b9ce467cd) Importer(815301076,1909f56bfc062723c751e8b465ee728b)  -> (artifact id: '8fd28cd7db74361144e527e4f847205e') in 0.026035 seconds 
========================================================================
Received Import Request.
  Time since last request: 0.000022 seconds.
  path: Assets/Jonathan Foust/Meshes/Fairy Chute Bush 6.fbx
  artifactKey: Guid(f70d55eb82ac72448ba7c6d5f8ece593) Importer(815301076,1909f56bfc062723c751e8b465ee728b)
Start importing Assets/Jonathan Foust/Meshes/Fairy Chute Bush 6.fbx using Guid(f70d55eb82ac72448ba7c6d5f8ece593) Importer(815301076,1909f56bfc062723c751e8b465ee728b)  -> (artifact id: 'e7908f517c662c5a202a59aa00ff3f20') in 0.024254 seconds 
========================================================================
Received Import Request.
  Time since last request: 0.000029 seconds.
  path: Assets/Jonathan Foust/Meshes/Coleus 4 Leaf.fbx
  artifactKey: Guid(36bdd44882c448a4088bf657e00658ab) Importer(815301076,1909f56bfc062723c751e8b465ee728b)
Start importing Assets/Jonathan Foust/Meshes/Coleus 4 Leaf.fbx using Guid(36bdd44882c448a4088bf657e00658ab) Importer(815301076,1909f56bfc062723c751e8b465ee728b)  -> (artifact id: '9bf97df43de499d6032d0d8991a7104a') in 0.021492 seconds 
========================================================================
Received Import Request.
  Time since last request: 0.000036 seconds.
  path: Assets/Jonathan Foust/Meshes/Fairy Chute Bush 3.fbx
  artifactKey: Guid(97ee007f196e159498b82285bf705c22) Importer(815301076,1909f56bfc062723c751e8b465ee728b)
Start importing Assets/Jonathan Foust/Meshes/Fairy Chute Bush 3.fbx using Guid(97ee007f196e159498b82285bf705c22) Importer(815301076,1909f56bfc062723c751e8b465ee728b)  -> (artifact id: '8291f8041ed2ba8bbd315ea2d47e9ba9') in 0.021472 seconds 
========================================================================
Received Import Request.
  Time since last request: 0.000019 seconds.
  path: Assets/Jonathan Foust/Meshes/Fairy Chute Bush 8.fbx
  artifactKey: Guid(00825d940d3f94e489f3a749471459cf) Importer(815301076,1909f56bfc062723c751e8b465ee728b)
Start importing Assets/Jonathan Foust/Meshes/Fairy Chute Bush 8.fbx using Guid(00825d940d3f94e489f3a749471459cf) Importer(815301076,1909f56bfc062723c751e8b465ee728b)  -> (artifact id: '66e1765ce3bcb9908de7ced118c62545') in 0.023487 seconds 
========================================================================
Received Import Request.
  Time since last request: 0.000026 seconds.
  path: Assets/Jonathan Foust/Meshes/Fairy Chute Bush 5.fbx
  artifactKey: Guid(7bf90610cb30b984ab507886371f92ba) Importer(815301076,1909f56bfc062723c751e8b465ee728b)
Start importing Assets/Jonathan Foust/Meshes/Fairy Chute Bush 5.fbx using Guid(7bf90610cb30b984ab507886371f92ba) Importer(815301076,1909f56bfc062723c751e8b465ee728b)  -> (artifact id: 'c49908b4950b564662ff34f6f0dc7a37') in 0.024071 seconds 
========================================================================
Received Import Request.
  Time since last request: 0.000020 seconds.
  path: Assets/Jonathan Foust/Meshes/Fairy Chute Bush 1.fbx
  artifactKey: Guid(05a9fa1727f07014d8ae974478aa20c7) Importer(815301076,1909f56bfc062723c751e8b465ee728b)
Start importing Assets/Jonathan Foust/Meshes/Fairy Chute Bush 1.fbx using Guid(05a9fa1727f07014d8ae974478aa20c7) Importer(815301076,1909f56bfc062723c751e8b465ee728b)  -> (artifact id: '5804351417583a6cd6f8435130cdb484') in 0.022199 seconds 
========================================================================
Received Import Request.
  Time since last request: 10.109480 seconds.
  path: Assets/3D Gamekit - Environment Pack/Environment/Rocks/Materials/RockFloating02_Mat.mat
  artifactKey: Guid(3b01d315743ae97459ca3d3bd461e4be) Importer(815301076,1909f56bfc062723c751e8b465ee728b)
Start importing Assets/3D Gamekit - Environment Pack/Environment/Rocks/Materials/RockFloating02_Mat.mat using Guid(3b01d315743ae97459ca3d3bd461e4be) Importer(815301076,1909f56bfc062723c751e8b465ee728b)  -> (artifact id: '80f9e8dd7f4925daa1ca502ee9796619') in 0.033888 seconds 
========================================================================
Received Import Request.
  Time since last request: 0.000022 seconds.
  path: Assets/3D Gamekit - Environment Pack/Environment/Vegetation/Large/Materials/VegetationLarge03_Mat.mat
  artifactKey: Guid(fa36871593e539b49b6b2a691b8237d2) Importer(815301076,1909f56bfc062723c751e8b465ee728b)
Start importing Assets/3D Gamekit - Environment Pack/Environment/Vegetation/Large/Materials/VegetationLarge03_Mat.mat using Guid(fa36871593e539b49b6b2a691b8237d2) Importer(815301076,1909f56bfc062723c751e8b465ee728b)  -> (artifact id: '060d2c72bb94c7744886687aac3f865f') in 0.039458 seconds 
========================================================================
Received Import Request.
  Time since last request: 0.000028 seconds.
  path: Assets/3D Gamekit - Environment Pack/Environment/Vegetation/Large/Materials/VegetationLarge01_Mat.mat
  artifactKey: Guid(9837bc8d745123a41b80f8b8f1fd6b86) Importer(815301076,1909f56bfc062723c751e8b465ee728b)
Start importing Assets/3D Gamekit - Environment Pack/Environment/Vegetation/Large/Materials/VegetationLarge01_Mat.mat using Guid(9837bc8d745123a41b80f8b8f1fd6b86) Importer(815301076,1909f56bfc062723c751e8b465ee728b)  -> (artifact id: 'ae37b44926be2ce264f70d1a4ce8897e') in 0.030102 seconds 
========================================================================
Received Import Request.
  Time since last request: 0.000027 seconds.
  path: Assets/3D Gamekit - Environment Pack/Environment/Rocks/Materials/RockLedge01_Mat.mat
  artifactKey: Guid(00036c34b5ae386428e7e2e5470124e9) Importer(815301076,1909f56bfc062723c751e8b465ee728b)
Start importing Assets/3D Gamekit - Environment Pack/Environment/Rocks/Materials/RockLedge01_Mat.mat using Guid(00036c34b5ae386428e7e2e5470124e9) Importer(815301076,1909f56bfc062723c751e8b465ee728b)  -> (artifact id: '1abf15f3a4eadcd4bf35f34ee2530e8a') in 0.217227 seconds 
========================================================================
Received Import Request.
  Time since last request: 0.000030 seconds.
  path: Assets/3D Gamekit - Environment Pack/Environment/Vegetation/Large/Materials/VegetationLarge06_Mat.mat
  artifactKey: Guid(5fac63113818f62469196bbb4d59cf7f) Importer(815301076,1909f56bfc062723c751e8b465ee728b)
Start importing Assets/3D Gamekit - Environment Pack/Environment/Vegetation/Large/Materials/VegetationLarge06_Mat.mat using Guid(5fac63113818f62469196bbb4d59cf7f) Importer(815301076,1909f56bfc062723c751e8b465ee728b)  -> (artifact id: '4189e9b6c2612b241d10be2c44fe239f') in 0.029961 seconds 
========================================================================
Received Import Request.
  Time since last request: 0.000031 seconds.
  path: Assets/3D Gamekit - Environment Pack/Environment/Vegetation/Large/Materials/VegetationLarge04_Mat.mat
  artifactKey: Guid(619565ea3e5275b40b150c832fc06191) Importer(815301076,1909f56bfc062723c751e8b465ee728b)
Start importing Assets/3D Gamekit - Environment Pack/Environment/Vegetation/Large/Materials/VegetationLarge04_Mat.mat using Guid(619565ea3e5275b40b150c832fc06191) Importer(815301076,1909f56bfc062723c751e8b465ee728b)  -> (artifact id: 'df31bfa0ff3d07e741905e92e06605e7') in 0.023806 seconds 
========================================================================
Received Import Request.
  Time since last request: 0.000020 seconds.
  path: Assets/3D Gamekit - Environment Pack/Environment/Rocks/Materials/SmallRocks_mat.mat
  artifactKey: Guid(24b3cf5e007db204db421522f1ec1592) Importer(815301076,1909f56bfc062723c751e8b465ee728b)
Start importing Assets/3D Gamekit - Environment Pack/Environment/Rocks/Materials/SmallRocks_mat.mat using Guid(24b3cf5e007db204db421522f1ec1592) Importer(815301076,1909f56bfc062723c751e8b465ee728b)  -> (artifact id: '7fe141f2b44a8686ea99eeb6741d947c') in 0.143501 seconds 
========================================================================
Received Import Request.
  Time since last request: 2.664501 seconds.
  path: Assets/Polytope Studio/Lowpoly_Environments/Sources/Materials/PT_Skybox_mat.mat
  artifactKey: Guid(59573b088aaea0442bf29e0a0e9d1339) Importer(815301076,1909f56bfc062723c751e8b465ee728b)
Start importing Assets/Polytope Studio/Lowpoly_Environments/Sources/Materials/PT_Skybox_mat.mat using Guid(59573b088aaea0442bf29e0a0e9d1339) Importer(815301076,1909f56bfc062723c751e8b465ee728b)  -> (artifact id: '25b9bc4fa1e7ef01c7324cf8ae1a2922') in 0.092557 seconds 
========================================================================
Received Import Request.
  Time since last request: 0.000029 seconds.
  path: Assets/Polytope Studio/Lowpoly_Environments/Sources/Materials/PT_Water_mat.mat
  artifactKey: Guid(3e36df56c6fa5f64085c14d9d4f6f8d9) Importer(815301076,1909f56bfc062723c751e8b465ee728b)
Start importing Assets/Polytope Studio/Lowpoly_Environments/Sources/Materials/PT_Water_mat.mat using Guid(3e36df56c6fa5f64085c14d9d4f6f8d9) Importer(815301076,1909f56bfc062723c751e8b465ee728b)  -> (artifact id: '209671dd884b7674c4e3c4024a80507d') in 0.405612 seconds 
========================================================================
Received Import Request.
  Time since last request: 0.983432 seconds.
  path: Assets/Polytope Studio/Lowpoly_Environments/Sources/Materials/PT_Grass_Mat.mat
  artifactKey: Guid(09473d06882d1414b84b1fdb7a095516) Importer(815301076,1909f56bfc062723c751e8b465ee728b)
Start importing Assets/Polytope Studio/Lowpoly_Environments/Sources/Materials/PT_Grass_Mat.mat using Guid(09473d06882d1414b84b1fdb7a095516) Importer(815301076,1909f56bfc062723c751e8b465ee728b)  -> (artifact id: '82e15cd80e5e6ee1964ae027613c96b9') in 0.029643 seconds 
========================================================================
Received Import Request.
  Time since last request: 0.000023 seconds.
  path: Assets/Polytope Studio/Lowpoly_Environments/Sources/Materials/PT_Pine_Tree_Trunk_Mat.mat
  artifactKey: Guid(f43a7dc4f39c5654a8211b83259e32a9) Importer(815301076,1909f56bfc062723c751e8b465ee728b)
Start importing Assets/Polytope Studio/Lowpoly_Environments/Sources/Materials/PT_Pine_Tree_Trunk_Mat.mat using Guid(f43a7dc4f39c5654a8211b83259e32a9) Importer(815301076,1909f56bfc062723c751e8b465ee728b)  -> (artifact id: '90f8b9448696cd9b8be500f567c1b1e6') in 0.023556 seconds 
========================================================================
Received Import Request.
  Time since last request: 0.004913 seconds.
  path: Assets/Polytope Studio/Lowpoly_Environments/Sources/Materials/PT_Fruit_Tree_Foliage_Mat.mat
  artifactKey: Guid(0a1f44318dd467a45bfef81ad0e8855a) Importer(815301076,1909f56bfc062723c751e8b465ee728b)
Start importing Assets/Polytope Studio/Lowpoly_Environments/Sources/Materials/PT_Fruit_Tree_Foliage_Mat.mat using Guid(0a1f44318dd467a45bfef81ad0e8855a) Importer(815301076,1909f56bfc062723c751e8b465ee728b)  -> (artifact id: '8d3a5c20565d5030d3bd3b19cd1c1752') in 0.037983 seconds 
========================================================================
Received Import Request.
  Time since last request: 11.347833 seconds.
  path: Assets/3D Gamekit - Environment Pack/Environment/Rocks/Materials/CliffEdge01_Mat.mat
  artifactKey: Guid(6f0341037674d6f46bf972bcfd328255) Importer(815301076,1909f56bfc062723c751e8b465ee728b)
Start importing Assets/3D Gamekit - Environment Pack/Environment/Rocks/Materials/CliffEdge01_Mat.mat using Guid(6f0341037674d6f46bf972bcfd328255) Importer(815301076,1909f56bfc062723c751e8b465ee728b)  -> (artifact id: '69a29a5eb8348ac497e6a36463ead5b3') in 0.025056 seconds 
========================================================================
Received Import Request.
  Time since last request: 0.000022 seconds.
  path: Assets/3D Gamekit - Environment Pack/Environment/Rocks/Materials/CliffEdge02_Mat.mat
  artifactKey: Guid(0cf7d47a45bcd864dba9d726d788a924) Importer(815301076,1909f56bfc062723c751e8b465ee728b)
Start importing Assets/3D Gamekit - Environment Pack/Environment/Rocks/Materials/CliffEdge02_Mat.mat using Guid(0cf7d47a45bcd864dba9d726d788a924) Importer(815301076,1909f56bfc062723c751e8b465ee728b)  -> (artifact id: '329ee87702bd61731686bd150dba7448') in 0.029214 seconds 
========================================================================
Received Prepare
Registering precompiled user dll's ...
Registered in 0.004108 seconds.
Begin MonoManager ReloadAssembly
Symbol file LoadedFromMemory doesn't match image C:\Users\ND\Documents\UNITY\FlyingController\Library\PackageCache\com.unity.visualscripting@1.7.8\Editor\VisualScripting.Core\Dependencies\YamlDotNet\Unity.VisualScripting.YamlDotNet.dll
Symbol file LoadedFromMemory doesn't match image C:\Users\ND\Documents\UNITY\FlyingController\Library\PackageCache\com.unity.visualscripting@1.7.8\Editor\VisualScripting.Core\Dependencies\DotNetZip\Unity.VisualScripting.IonicZip.dll
Native extension for WindowsStandalone target not found
Native extension for WebGL target not found
Refreshing native plugins compatible for Editor in 1.13 ms, found 3 plugins.
Preloading 0 native plugins for Editor in 0.00 ms.
Mono: successfully reloaded assembly
- Completed reload, in  1.019 seconds
Domain Reload Profiling:
	ReloadAssembly (1020ms)
		BeginReloadAssembly (133ms)
			ExecutionOrderSort (0ms)
			DisableScriptedObjects (3ms)
			BackupInstance (0ms)
			ReleaseScriptingObjects (0ms)
			CreateAndSetChildDomain (48ms)
		EndReloadAssembly (797ms)
			LoadAssemblies (71ms)
			RebuildTransferFunctionScriptingTraits (0ms)
			SetupTypeCache (246ms)
			ReleaseScriptCaches (2ms)
			RebuildScriptCaches (39ms)
			SetupLoadedEditorAssemblies (397ms)
				LogAssemblyErrors (0ms)
				InitializePlatformSupportModulesInManaged (12ms)
				SetLoadedEditorAssemblies (1ms)
				RefreshPlugins (1ms)
				BeforeProcessingInitializeOnLoad (71ms)
				ProcessInitializeOnLoadAttributes (282ms)
				ProcessInitializeOnLoadMethodAttributes (23ms)
				AfterProcessingInitializeOnLoad (6ms)
				EditorAssembliesLoaded (0ms)
			ExecutionOrderSort2 (0ms)
			AwakeInstancesAfterBackupRestoration (6ms)
Platform modules already initialized, skipping
Refreshing native plugins compatible for Editor in 2.12 ms, found 3 plugins.
Preloading 0 native plugins for Editor in 0.00 ms.
Unloading 3863 Unused Serialized files (Serialized files now loaded: 0)
Unloading 22 unused Assets / (152.8 KB). Loaded Objects now: 4427.
Memory consumption went from 216.1 MB to 215.9 MB.
Total: 2.760600 ms (FindLiveObjects: 0.265300 ms CreateObjectMapping: 0.099800 ms MarkObjects: 2.263600 ms  DeleteObjects: 0.130600 ms)

AssetImportParameters requested are different than current active one (requested -> active):
  custom:video-decoder-ogg-theora: a1e56fd34408186e4bbccfd4996cb3dc -> 
  custom:container-muxer-webm: aa71ff27fc2769a1b78a27578f13a17b -> 
  custom:container-demuxer-webm: 4f35f7cbe854078d1ac9338744f61a02 -> 
  custom:video-encoder-webm-vp8: eb34c28f22e8b96e1ab97ce403110664 -> 
  custom:audio-encoder-webm-vorbis: bf7c407c2cedff20999df2af8eb42d56 -> 
  custom:framework-win-MediaFoundation: 216162199b28c13a410421893ffa2e32 -> 
  custom:container-demuxer-ogg: 62fdf1f143b41e24485cea50d1cbac27 -> 
  custom:video-decoder-webm-vp8: 9c59270c3fd7afecdb556c50c9e8de78 -> 
  custom:audio-decoder-ogg-vorbis: bf7c407c2cedff20999df2af8eb42d56 -> 
