Using pre-set license
Built from '2021.3/staging' branch; Version is '2021.3.15f1 (e8e88683f834) revision 15263878'; Using compiler version '192829333'; Build Type 'Release'
OS: 'Windows 10  (10.0.19044) 64bit Professional' Language: 'tr' Physical Memory: 16163 MB
BatchMode: 1, IsHumanControllingUs: 0, StartBugReporterOnCrash: 0, Is64bit: 1, IsPro: 1

COMMAND LINE ARGUMENTS:
C:\Program Files\Unity\Hub\Editor\2021.3.15f1\Editor\Unity.exe
-adb2
-batchMode
-noUpm
-name
AssetImportWorker2
-projectPath
C:/Users/ND/Documents/UNITY/FlyingController
-logFile
Logs/AssetImportWorker2.log
-srvPort
60382
Successfully changed project path to: C:/Users/ND/Documents/UNITY/FlyingController
C:/Users/ND/Documents/UNITY/FlyingController
[UnityMemory] Configuration Parameters - Can be set up in boot.config
    "memorysetup-bucket-allocator-granularity=16"
    "memorysetup-bucket-allocator-bucket-count=8"
    "memorysetup-bucket-allocator-block-size=33554432"
    "memorysetup-bucket-allocator-block-count=8"
    "memorysetup-main-allocator-block-size=16777216"
    "memorysetup-thread-allocator-block-size=16777216"
    "memorysetup-gfx-main-allocator-block-size=16777216"
    "memorysetup-gfx-thread-allocator-block-size=16777216"
    "memorysetup-cache-allocator-block-size=4194304"
    "memorysetup-typetree-allocator-block-size=2097152"
    "memorysetup-profiler-bucket-allocator-granularity=16"
    "memorysetup-profiler-bucket-allocator-bucket-count=8"
    "memorysetup-profiler-bucket-allocator-block-size=33554432"
    "memorysetup-profiler-bucket-allocator-block-count=8"
    "memorysetup-profiler-allocator-block-size=16777216"
    "memorysetup-profiler-editor-allocator-block-size=1048576"
    "memorysetup-temp-allocator-size-main=16777216"
    "memorysetup-job-temp-allocator-block-size=2097152"
    "memorysetup-job-temp-allocator-block-size-background=1048576"
    "memorysetup-job-temp-allocator-reduction-small-platforms=262144"
    "memorysetup-temp-allocator-size-background-worker=32768"
    "memorysetup-temp-allocator-size-job-worker=262144"
    "memorysetup-temp-allocator-size-preload-manager=33554432"
    "memorysetup-temp-allocator-size-nav-mesh-worker=65536"
    "memorysetup-temp-allocator-size-audio-worker=65536"
    "memorysetup-temp-allocator-size-cloud-worker=32768"
    "memorysetup-temp-allocator-size-gi-baking-worker=262144"
    "memorysetup-temp-allocator-size-gfx=262144"
Player connection [22456] Host "[IP] 192.168.1.138 [Port] 0 [Flags] 2 [Guid] 1128440880 [EditorId] 1128440880 [Version] 1048832 [Id] WindowsEditor(7,DESKTOP-ULBTV1P) [Debug] 1 [PackageName] WindowsEditor [ProjectName] Editor" joined multi-casting on [225.0.0.222:54997]...

Player connection [22456] Host "[IP] 192.168.1.138 [Port] 0 [Flags] 2 [Guid] 1128440880 [EditorId] 1128440880 [Version] 1048832 [Id] WindowsEditor(7,DESKTOP-ULBTV1P) [Debug] 1 [PackageName] WindowsEditor [ProjectName] Editor" joined alternative multi-casting on [225.0.0.222:34997]...

Refreshing native plugins compatible for Editor in 91.21 ms, found 3 plugins.
Preloading 0 native plugins for Editor in 0.00 ms.
Initialize engine version: 2021.3.15f1 (e8e88683f834)
[Subsystems] Discovering subsystems at path C:/Program Files/Unity/Hub/Editor/2021.3.15f1/Editor/Data/Resources/UnitySubsystems
[Subsystems] Discovering subsystems at path C:/Users/ND/Documents/UNITY/FlyingController/Assets
GfxDevice: creating device client; threaded=0; jobified=0
Direct3D:
    Version:  Direct3D 11.0 [level 11.1]
    Renderer: NVIDIA GeForce RTX 3050 Ti Laptop GPU (ID=0x25a0)
    Vendor:   NVIDIA
    VRAM:     3990 MB
    Driver:   31.0.15.1694
Initialize mono
Mono path[0] = 'C:/Program Files/Unity/Hub/Editor/2021.3.15f1/Editor/Data/Managed'
Mono path[1] = 'C:/Program Files/Unity/Hub/Editor/2021.3.15f1/Editor/Data/MonoBleedingEdge/lib/mono/unityjit-win32'
Mono config path = 'C:/Program Files/Unity/Hub/Editor/2021.3.15f1/Editor/Data/MonoBleedingEdge/etc'
Using monoOptions --debugger-agent=transport=dt_socket,embedding=1,server=y,suspend=n,address=127.0.0.1:56732
Begin MonoManager ReloadAssembly
Registering precompiled unity dll's ...
Register platform support module: C:/Program Files/Unity/Hub/Editor/2021.3.15f1/Editor/Data/PlaybackEngines/WebGLSupport/UnityEditor.WebGL.Extensions.dll
Register platform support module: C:/Program Files/Unity/Hub/Editor/2021.3.15f1/Editor/Data/PlaybackEngines/WindowsStandaloneSupport/UnityEditor.WindowsStandalone.Extensions.dll
Registered in 0.004983 seconds.
Native extension for WindowsStandalone target not found
Native extension for WebGL target not found
Refreshing native plugins compatible for Editor in 79.01 ms, found 3 plugins.
Preloading 0 native plugins for Editor in 0.00 ms.
Mono: successfully reloaded assembly
- Completed reload, in  0.527 seconds
Domain Reload Profiling:
	ReloadAssembly (528ms)
		BeginReloadAssembly (56ms)
			ExecutionOrderSort (0ms)
			DisableScriptedObjects (0ms)
			BackupInstance (0ms)
			ReleaseScriptingObjects (0ms)
			CreateAndSetChildDomain (1ms)
		EndReloadAssembly (384ms)
			LoadAssemblies (54ms)
			RebuildTransferFunctionScriptingTraits (0ms)
			SetupTypeCache (93ms)
			ReleaseScriptCaches (0ms)
			RebuildScriptCaches (24ms)
			SetupLoadedEditorAssemblies (225ms)
				LogAssemblyErrors (0ms)
				InitializePlatformSupportModulesInManaged (7ms)
				SetLoadedEditorAssemblies (0ms)
				RefreshPlugins (79ms)
				BeforeProcessingInitializeOnLoad (1ms)
				ProcessInitializeOnLoadAttributes (100ms)
				ProcessInitializeOnLoadMethodAttributes (37ms)
				AfterProcessingInitializeOnLoad (0ms)
				EditorAssembliesLoaded (0ms)
			ExecutionOrderSort2 (0ms)
			AwakeInstancesAfterBackupRestoration (0ms)
Platform modules already initialized, skipping
Registering precompiled user dll's ...
Registered in 0.004223 seconds.
Begin MonoManager ReloadAssembly
Symbol file LoadedFromMemory doesn't match image C:\Users\ND\Documents\UNITY\FlyingController\Library\PackageCache\com.unity.visualscripting@1.7.8\Editor\VisualScripting.Core\Dependencies\YamlDotNet\Unity.VisualScripting.YamlDotNet.dll
Symbol file LoadedFromMemory doesn't match image C:\Users\ND\Documents\UNITY\FlyingController\Library\PackageCache\com.unity.visualscripting@1.7.8\Editor\VisualScripting.Core\Dependencies\DotNetZip\Unity.VisualScripting.IonicZip.dll
Native extension for WindowsStandalone target not found
Native extension for WebGL target not found
Refreshing native plugins compatible for Editor in 76.66 ms, found 3 plugins.
Preloading 0 native plugins for Editor in 0.00 ms.
Mono: successfully reloaded assembly
- Completed reload, in  1.009 seconds
Domain Reload Profiling:
	ReloadAssembly (1010ms)
		BeginReloadAssembly (91ms)
			ExecutionOrderSort (0ms)
			DisableScriptedObjects (4ms)
			BackupInstance (0ms)
			ReleaseScriptingObjects (0ms)
			CreateAndSetChildDomain (17ms)
		EndReloadAssembly (827ms)
			LoadAssemblies (66ms)
			RebuildTransferFunctionScriptingTraits (0ms)
			SetupTypeCache (227ms)
			ReleaseScriptCaches (1ms)
			RebuildScriptCaches (47ms)
			SetupLoadedEditorAssemblies (450ms)
				LogAssemblyErrors (0ms)
				InitializePlatformSupportModulesInManaged (5ms)
				SetLoadedEditorAssemblies (0ms)
				RefreshPlugins (77ms)
				BeforeProcessingInitializeOnLoad (78ms)
				ProcessInitializeOnLoadAttributes (269ms)
				ProcessInitializeOnLoadMethodAttributes (15ms)
				AfterProcessingInitializeOnLoad (5ms)
				EditorAssembliesLoaded (0ms)
			ExecutionOrderSort2 (0ms)
			AwakeInstancesAfterBackupRestoration (5ms)
Platform modules already initialized, skipping
========================================================================
Worker process is ready to serve import requests
Launched and connected shader compiler UnityShaderCompiler.exe after 0.04 seconds
Refreshing native plugins compatible for Editor in 0.67 ms, found 3 plugins.
Preloading 0 native plugins for Editor in 0.00 ms.
Unloading 3880 Unused Serialized files (Serialized files now loaded: 0)
Unloading 43 unused Assets / (185.5 KB). Loaded Objects now: 4356.
Memory consumption went from 209.2 MB to 209.1 MB.
Total: 3.723300 ms (FindLiveObjects: 0.301800 ms CreateObjectMapping: 0.148000 ms MarkObjects: 3.136400 ms  DeleteObjects: 0.136000 ms)

AssetImportParameters requested are different than current active one (requested -> active):
  custom:video-decoder-ogg-theora: a1e56fd34408186e4bbccfd4996cb3dc -> 
  custom:container-muxer-webm: aa71ff27fc2769a1b78a27578f13a17b -> 
  custom:container-demuxer-webm: 4f35f7cbe854078d1ac9338744f61a02 -> 
  custom:video-encoder-webm-vp8: eb34c28f22e8b96e1ab97ce403110664 -> 
  custom:audio-encoder-webm-vorbis: bf7c407c2cedff20999df2af8eb42d56 -> 
  custom:framework-win-MediaFoundation: 216162199b28c13a410421893ffa2e32 -> 
  custom:container-demuxer-ogg: 62fdf1f143b41e24485cea50d1cbac27 -> 
  custom:video-decoder-webm-vp8: 9c59270c3fd7afecdb556c50c9e8de78 -> 
  custom:audio-decoder-ogg-vorbis: bf7c407c2cedff20999df2af8eb42d56 -> 
========================================================================
Received Import Request.
  Time since last request: 886483.511745 seconds.
  path: Assets/Hand Paint Flowers/Materials
  artifactKey: Guid(bddbe33e61ba74d45a1e6dfa517975f3) Importer(815301076,1909f56bfc062723c751e8b465ee728b)
Start importing Assets/Hand Paint Flowers/Materials using Guid(bddbe33e61ba74d45a1e6dfa517975f3) Importer(815301076,1909f56bfc062723c751e8b465ee728b)  -> (artifact id: 'fe1604f1a9ea5b2e1fbe2f76eb85293f') in 0.014491 seconds 
========================================================================
Received Import Request.
  Time since last request: 0.027608 seconds.
  path: Assets/Hand Paint Flowers/Materials/SkyBox.mat
  artifactKey: Guid(0bd7082aa7db0304091cfc7b9b64567f) Importer(815301076,1909f56bfc062723c751e8b465ee728b)
Start importing Assets/Hand Paint Flowers/Materials/SkyBox.mat using Guid(0bd7082aa7db0304091cfc7b9b64567f) Importer(815301076,1909f56bfc062723c751e8b465ee728b)  -> (artifact id: 'ebe7399811da558ee98139fe4ca6aea6') in 0.206751 seconds 
========================================================================
Received Import Request.
  Time since last request: 0.333474 seconds.
  path: Assets/Hand Paint Flowers/Materials/HPF
  artifactKey: Guid(4d9d56687429ac341bd1d03cb6b3db47) Importer(815301076,1909f56bfc062723c751e8b465ee728b)
Start importing Assets/Hand Paint Flowers/Materials/HPF using Guid(4d9d56687429ac341bd1d03cb6b3db47) Importer(815301076,1909f56bfc062723c751e8b465ee728b)  -> (artifact id: '4a640a57db9895480f3e9a519990f334') in 0.002201 seconds 
========================================================================
Received Import Request.
  Time since last request: 0.059504 seconds.
  path: Assets/Hand Paint Flowers/Materials/HPF/HPF_1.mat
  artifactKey: Guid(489e233d7ac9d794486259965e711013) Importer(815301076,1909f56bfc062723c751e8b465ee728b)
Start importing Assets/Hand Paint Flowers/Materials/HPF/HPF_1.mat using Guid(489e233d7ac9d794486259965e711013) Importer(815301076,1909f56bfc062723c751e8b465ee728b)  -> (artifact id: 'e7786a2a5bd09e5a930b683fe195d985') in 0.026522 seconds 
========================================================================
Received Import Request.
  Time since last request: 3.480603 seconds.
  path: Assets/Hand Paint Flowers/Scenes
  artifactKey: Guid(cd817d37e38549e41a261acc885cd3b2) Importer(815301076,1909f56bfc062723c751e8b465ee728b)
Start importing Assets/Hand Paint Flowers/Scenes using Guid(cd817d37e38549e41a261acc885cd3b2) Importer(815301076,1909f56bfc062723c751e8b465ee728b)  -> (artifact id: '3cdc101ff130e689dc8c975c42983cc1') in 0.009838 seconds 
========================================================================
Received Import Request.
  Time since last request: 0.852308 seconds.
  path: Assets/Hand Paint Flowers/Scenes/HPF
  artifactKey: Guid(69a2603f6c7a42446a099c14bda70619) Importer(815301076,1909f56bfc062723c751e8b465ee728b)
Start importing Assets/Hand Paint Flowers/Scenes/HPF using Guid(69a2603f6c7a42446a099c14bda70619) Importer(815301076,1909f56bfc062723c751e8b465ee728b)  -> (artifact id: 'f079421edf7c3d839ace626665dda148') in 0.002717 seconds 
========================================================================
Received Import Request.
  Time since last request: 3.074501 seconds.
  path: Assets/Hand Paint Flowers/Settings
  artifactKey: Guid(e261017509340584284398a1b5a96c77) Importer(815301076,1909f56bfc062723c751e8b465ee728b)
Start importing Assets/Hand Paint Flowers/Settings using Guid(e261017509340584284398a1b5a96c77) Importer(815301076,1909f56bfc062723c751e8b465ee728b)  -> (artifact id: '34c56c8c83aca4e2f113c9cfc939a95b') in 0.008997 seconds 
========================================================================
Received Import Request.
  Time since last request: 0.137751 seconds.
  path: Assets/Hand Paint Flowers/Settings/ForwardRenderer.asset
  artifactKey: Guid(66c0f6faa269b214a99098e2821b7ab6) Importer(815301076,1909f56bfc062723c751e8b465ee728b)
Start importing Assets/Hand Paint Flowers/Settings/ForwardRenderer.asset using Guid(66c0f6faa269b214a99098e2821b7ab6) Importer(815301076,1909f56bfc062723c751e8b465ee728b)  -> (artifact id: '8fb024377a57792573341f9325e9b0b9') in 0.009869 seconds 
========================================================================
Received Import Request.
  Time since last request: 1.389089 seconds.
  path: Assets/Hand Paint Flowers/Shader
  artifactKey: Guid(852e9c00b84b09245b87eb6ec1909678) Importer(815301076,1909f56bfc062723c751e8b465ee728b)
Start importing Assets/Hand Paint Flowers/Shader using Guid(852e9c00b84b09245b87eb6ec1909678) Importer(815301076,1909f56bfc062723c751e8b465ee728b)  -> (artifact id: '476e27a23c0be2b20da6899ae2130c5e') in 0.009067 seconds 
========================================================================
Received Import Request.
  Time since last request: 1.774524 seconds.
  path: Assets/Hand Paint Flowers/Textures
  artifactKey: Guid(d33398f31de3abe4795cc564b70742bb) Importer(815301076,1909f56bfc062723c751e8b465ee728b)
Start importing Assets/Hand Paint Flowers/Textures using Guid(d33398f31de3abe4795cc564b70742bb) Importer(815301076,1909f56bfc062723c751e8b465ee728b)  -> (artifact id: 'f0365a485215b8cc22225d35eb3cfb46') in 0.008464 seconds 
========================================================================
Received Import Request.
  Time since last request: 0.039592 seconds.
  path: Assets/Hand Paint Flowers/Textures/HPF_1.tga
  artifactKey: Guid(4e1a2dcdc8d2f9941b054a9c45119fb3) Importer(815301076,1909f56bfc062723c751e8b465ee728b)
Start importing Assets/Hand Paint Flowers/Textures/HPF_1.tga using Guid(4e1a2dcdc8d2f9941b054a9c45119fb3) Importer(815301076,1909f56bfc062723c751e8b465ee728b)  -> (artifact id: '7c5cea35c456a5b26caf56f4e8fdb653') in 0.020162 seconds 
========================================================================
Received Import Request.
  Time since last request: 2.426372 seconds.
  path: Assets/Hand Paint Flowers/Readme.rtf
  artifactKey: Guid(54df835630ae3df45bc92a9a843e4465) Importer(815301076,1909f56bfc062723c751e8b465ee728b)
Start importing Assets/Hand Paint Flowers/Readme.rtf using Guid(54df835630ae3df45bc92a9a843e4465) Importer(815301076,1909f56bfc062723c751e8b465ee728b)  -> (artifact id: '6c1789181d612a07808404536211cfcc') in 0.011515 seconds 
========================================================================
Received Import Request.
  Time since last request: 18.319601 seconds.
  path: Assets/Hand Paint Flowers/Prefabs/HPF/Flower pots/Flower pot 1.01.prefab
  artifactKey: Guid(f485a7e4e51ae994da0ce6b224bbddb2) Importer(815301076,1909f56bfc062723c751e8b465ee728b)
Start importing Assets/Hand Paint Flowers/Prefabs/HPF/Flower pots/Flower pot 1.01.prefab using Guid(f485a7e4e51ae994da0ce6b224bbddb2) Importer(815301076,1909f56bfc062723c751e8b465ee728b)  -> (artifact id: '61483005304d4208c37a5461203cc370') in 0.035216 seconds 
========================================================================
Received Import Request.
  Time since last request: 0.000030 seconds.
  path: Assets/Hand Paint Flowers/Prefabs/HPF/Flower pots/Flower pot 1.04.prefab
  artifactKey: Guid(964e03e5c61b1f544883be95d6546cb1) Importer(815301076,1909f56bfc062723c751e8b465ee728b)
Start importing Assets/Hand Paint Flowers/Prefabs/HPF/Flower pots/Flower pot 1.04.prefab using Guid(964e03e5c61b1f544883be95d6546cb1) Importer(815301076,1909f56bfc062723c751e8b465ee728b)  -> (artifact id: '70a2f07a7e592f9a2722464d6478c95a') in 0.022914 seconds 
========================================================================
Received Import Request.
  Time since last request: 0.000057 seconds.
  path: Assets/Hand Paint Flowers/Prefabs/HPF/Flower pots/Flower pot 1.13.prefab
  artifactKey: Guid(24948304f21543647a4543e64d0fcf30) Importer(815301076,1909f56bfc062723c751e8b465ee728b)
Start importing Assets/Hand Paint Flowers/Prefabs/HPF/Flower pots/Flower pot 1.13.prefab using Guid(24948304f21543647a4543e64d0fcf30) Importer(815301076,1909f56bfc062723c751e8b465ee728b)  -> (artifact id: 'b8d49d0322d65c808709e79673716814') in 0.022860 seconds 
========================================================================
Received Import Request.
  Time since last request: 0.000023 seconds.
  path: Assets/Hand Paint Flowers/Prefabs/HPF/Flower pots/Flower pot 1.12.prefab
  artifactKey: Guid(dc0e7cedbc1f52d4ba43a76543ea70a9) Importer(815301076,1909f56bfc062723c751e8b465ee728b)
Start importing Assets/Hand Paint Flowers/Prefabs/HPF/Flower pots/Flower pot 1.12.prefab using Guid(dc0e7cedbc1f52d4ba43a76543ea70a9) Importer(815301076,1909f56bfc062723c751e8b465ee728b)  -> (artifact id: '5c2edf1d1dd9bb39a39a54187802293a') in 0.022362 seconds 
========================================================================
Received Import Request.
  Time since last request: 0.000036 seconds.
  path: Assets/Hand Paint Flowers/Prefabs/HPF/Flower pots/Flower pot 1.09.prefab
  artifactKey: Guid(99cf723511d9c554f816c52eea009e9f) Importer(815301076,1909f56bfc062723c751e8b465ee728b)
Start importing Assets/Hand Paint Flowers/Prefabs/HPF/Flower pots/Flower pot 1.09.prefab using Guid(99cf723511d9c554f816c52eea009e9f) Importer(815301076,1909f56bfc062723c751e8b465ee728b)  -> (artifact id: '201be29fe715d7b337d9d9813bad1d75') in 0.021595 seconds 
========================================================================
Received Import Request.
  Time since last request: 4.792950 seconds.
  path: Assets/Hand Paint Flowers/Prefabs/HPF/Pots/Pot 1.01.prefab
  artifactKey: Guid(e519d69033ec8c94ca710417246bb877) Importer(815301076,1909f56bfc062723c751e8b465ee728b)
Start importing Assets/Hand Paint Flowers/Prefabs/HPF/Pots/Pot 1.01.prefab using Guid(e519d69033ec8c94ca710417246bb877) Importer(815301076,1909f56bfc062723c751e8b465ee728b)  -> (artifact id: 'b18e8c8ac5c701cf93898cfcad29427b') in 0.024200 seconds 
========================================================================
Received Import Request.
  Time since last request: 0.000020 seconds.
  path: Assets/Hand Paint Flowers/Prefabs/HPF/Pots/Pot 1.08.prefab
  artifactKey: Guid(02ab491bdb1bd9047bcbdfff591e89e1) Importer(815301076,1909f56bfc062723c751e8b465ee728b)
Start importing Assets/Hand Paint Flowers/Prefabs/HPF/Pots/Pot 1.08.prefab using Guid(02ab491bdb1bd9047bcbdfff591e89e1) Importer(815301076,1909f56bfc062723c751e8b465ee728b)  -> (artifact id: '16aae7d52da06b286112869651eabfb8') in 0.024605 seconds 
========================================================================
Received Import Request.
  Time since last request: 0.000048 seconds.
  path: Assets/Hand Paint Flowers/Prefabs/HPF/Pots/Pot 1.06.prefab
  artifactKey: Guid(8d485cbef9598254ebf0660eae6252f5) Importer(815301076,1909f56bfc062723c751e8b465ee728b)
Start importing Assets/Hand Paint Flowers/Prefabs/HPF/Pots/Pot 1.06.prefab using Guid(8d485cbef9598254ebf0660eae6252f5) Importer(815301076,1909f56bfc062723c751e8b465ee728b)  -> (artifact id: '613a97573f0aeacc9529d689ddd13b2f') in 0.022886 seconds 
========================================================================
Received Import Request.
  Time since last request: 22.462833 seconds.
  path: Assets/AurynSky
  artifactKey: Guid(afdf1278d66992a4cb963f5d52f13376) Importer(815301076,1909f56bfc062723c751e8b465ee728b)
Start importing Assets/AurynSky using Guid(afdf1278d66992a4cb963f5d52f13376) Importer(815301076,1909f56bfc062723c751e8b465ee728b)  -> (artifact id: '39bec45439fd8d02585a1e88eb29cafa') in 0.009205 seconds 
========================================================================
Received Import Request.
  Time since last request: 0.951757 seconds.
  path: Assets/AurynSky/Gems Ultimate Pack
  artifactKey: Guid(0eb0c251cd838c346bfe6796312411ea) Importer(815301076,1909f56bfc062723c751e8b465ee728b)
Start importing Assets/AurynSky/Gems Ultimate Pack using Guid(0eb0c251cd838c346bfe6796312411ea) Importer(815301076,1909f56bfc062723c751e8b465ee728b)  -> (artifact id: '18079e18c16faac664e3f22c6d27fdcb') in 0.009320 seconds 
========================================================================
Received Import Request.
  Time since last request: 1.651757 seconds.
  path: Assets/AurynSky/Gems Ultimate Pack/Materials
  artifactKey: Guid(bde12267b5e55de4997ed6dffcbfc87e) Importer(815301076,1909f56bfc062723c751e8b465ee728b)
Start importing Assets/AurynSky/Gems Ultimate Pack/Materials using Guid(bde12267b5e55de4997ed6dffcbfc87e) Importer(815301076,1909f56bfc062723c751e8b465ee728b)  -> (artifact id: '1a2906de10b50349c5838be02fb1aa83') in 0.002321 seconds 
========================================================================
Received Import Request.
  Time since last request: 1.105953 seconds.
  path: Assets/AurynSky/Gems Ultimate Pack/Prefabs
  artifactKey: Guid(ea08d9dc514a72c4182e8436320c8ced) Importer(815301076,1909f56bfc062723c751e8b465ee728b)
Start importing Assets/AurynSky/Gems Ultimate Pack/Prefabs using Guid(ea08d9dc514a72c4182e8436320c8ced) Importer(815301076,1909f56bfc062723c751e8b465ee728b)  -> (artifact id: '4e13724377ce701614042ce79fc1c66a') in 0.008269 seconds 
========================================================================
Received Import Request.
  Time since last request: 0.052350 seconds.
  path: Assets/AurynSky/Gems Ultimate Pack/Prefabs/4 Side Diamond.prefab
  artifactKey: Guid(0ed203d298c050b49bfabe788790e1c2) Importer(815301076,1909f56bfc062723c751e8b465ee728b)
Start importing Assets/AurynSky/Gems Ultimate Pack/Prefabs/4 Side Diamond.prefab using Guid(0ed203d298c050b49bfabe788790e1c2) Importer(815301076,1909f56bfc062723c751e8b465ee728b)  -> (artifact id: '5fb254ebe5ac31104d1964b746076478') in 0.021959 seconds 
========================================================================
Received Import Request.
  Time since last request: 0.000032 seconds.
  path: Assets/AurynSky/Gems Ultimate Pack/Prefabs/Cuboid.prefab
  artifactKey: Guid(6a7274aefcc6cef4fbbfba924cc7f657) Importer(815301076,1909f56bfc062723c751e8b465ee728b)
Start importing Assets/AurynSky/Gems Ultimate Pack/Prefabs/Cuboid.prefab using Guid(6a7274aefcc6cef4fbbfba924cc7f657) Importer(815301076,1909f56bfc062723c751e8b465ee728b)  -> (artifact id: '97b6bd2fc92bbff8c64ab9c19fd3206f') in 0.017140 seconds 
========================================================================
Received Import Request.
  Time since last request: 0.000044 seconds.
  path: Assets/AurynSky/Gems Ultimate Pack/Prefabs/SphereGemLarge.prefab
  artifactKey: Guid(8b40cffea67202d4bbf662b25de4c94a) Importer(815301076,1909f56bfc062723c751e8b465ee728b)
Start importing Assets/AurynSky/Gems Ultimate Pack/Prefabs/SphereGemLarge.prefab using Guid(8b40cffea67202d4bbf662b25de4c94a) Importer(815301076,1909f56bfc062723c751e8b465ee728b)  -> (artifact id: 'ef2340a3b4755c64499a01a026b48794') in 0.015085 seconds 
========================================================================
Received Import Request.
  Time since last request: 0.000030 seconds.
  path: Assets/AurynSky/Gems Ultimate Pack/Prefabs/Heart.prefab
  artifactKey: Guid(5a0537415d4017c4fad7a4986f502dc1) Importer(815301076,1909f56bfc062723c751e8b465ee728b)
Start importing Assets/AurynSky/Gems Ultimate Pack/Prefabs/Heart.prefab using Guid(5a0537415d4017c4fad7a4986f502dc1) Importer(815301076,1909f56bfc062723c751e8b465ee728b)  -> (artifact id: 'ec251d7199ae11920e28958cf1b99edf') in 0.017168 seconds 
========================================================================
Received Import Request.
  Time since last request: 0.000032 seconds.
  path: Assets/AurynSky/Gems Ultimate Pack/Prefabs/Penta.prefab
  artifactKey: Guid(1a73058088a4b204bb3a13aff5c48489) Importer(815301076,1909f56bfc062723c751e8b465ee728b)
Start importing Assets/AurynSky/Gems Ultimate Pack/Prefabs/Penta.prefab using Guid(1a73058088a4b204bb3a13aff5c48489) Importer(815301076,1909f56bfc062723c751e8b465ee728b)  -> (artifact id: 'b8c2665ac438ca85ac6532d56076d86a') in 0.018505 seconds 
========================================================================
Received Import Request.
  Time since last request: 0.000029 seconds.
  path: Assets/AurynSky/Gems Ultimate Pack/Prefabs/Spiral.prefab
  artifactKey: Guid(586acbe765df7c34385298970076297e) Importer(815301076,1909f56bfc062723c751e8b465ee728b)
Start importing Assets/AurynSky/Gems Ultimate Pack/Prefabs/Spiral.prefab using Guid(586acbe765df7c34385298970076297e) Importer(815301076,1909f56bfc062723c751e8b465ee728b)  -> (artifact id: 'de589c20d6424459cf965a670468e505') in 0.013045 seconds 
========================================================================
Received Import Request.
  Time since last request: 2.783628 seconds.
  path: Assets/AurynSky/Gems Ultimate Pack/Models
  artifactKey: Guid(e0cd51884e8322444a3b3146b5e8284a) Importer(815301076,1909f56bfc062723c751e8b465ee728b)
Start importing Assets/AurynSky/Gems Ultimate Pack/Models using Guid(e0cd51884e8322444a3b3146b5e8284a) Importer(815301076,1909f56bfc062723c751e8b465ee728b)  -> (artifact id: '55defe4c9de7dcf206276bc62f95c13b') in 0.008759 seconds 
========================================================================
Received Import Request.
  Time since last request: 0.036840 seconds.
  path: Assets/AurynSky/Gems Ultimate Pack/Models/4 Side Diamond.fbx
  artifactKey: Guid(a59faa6df8bd9cd4c8779604face71a1) Importer(815301076,1909f56bfc062723c751e8b465ee728b)
Start importing Assets/AurynSky/Gems Ultimate Pack/Models/4 Side Diamond.fbx using Guid(a59faa6df8bd9cd4c8779604face71a1) Importer(815301076,1909f56bfc062723c751e8b465ee728b)  -> (artifact id: '0edd783ab9d85d016a137f1d13b554da') in 0.103069 seconds 
========================================================================
Received Import Request.
  Time since last request: 0.000025 seconds.
  path: Assets/AurynSky/Gems Ultimate Pack/Models/Spiral.fbx
  artifactKey: Guid(973011b81536fe2408cc13aa49700e3b) Importer(815301076,1909f56bfc062723c751e8b465ee728b)
Start importing Assets/AurynSky/Gems Ultimate Pack/Models/Spiral.fbx using Guid(973011b81536fe2408cc13aa49700e3b) Importer(815301076,1909f56bfc062723c751e8b465ee728b)  -> (artifact id: 'ea381b2b382c519369cad22280430aaf') in 0.021623 seconds 
========================================================================
Received Import Request.
  Time since last request: 0.000029 seconds.
  path: Assets/AurynSky/Gems Ultimate Pack/Models/Hexgon.fbx
  artifactKey: Guid(88298ecb4d0fcff45879b1338c17fe54) Importer(815301076,1909f56bfc062723c751e8b465ee728b)
Start importing Assets/AurynSky/Gems Ultimate Pack/Models/Hexgon.fbx using Guid(88298ecb4d0fcff45879b1338c17fe54) Importer(815301076,1909f56bfc062723c751e8b465ee728b)  -> (artifact id: 'd2db85cf3cbedc34f8bd427c8689a9d5') in 0.016771 seconds 
========================================================================
Received Import Request.
  Time since last request: 0.000043 seconds.
  path: Assets/AurynSky/Gems Ultimate Pack/Models/HardStar.fbx
  artifactKey: Guid(9d0e73dbf5dfc6e4e800cbe52651ac4d) Importer(815301076,1909f56bfc062723c751e8b465ee728b)
Start importing Assets/AurynSky/Gems Ultimate Pack/Models/HardStar.fbx using Guid(9d0e73dbf5dfc6e4e800cbe52651ac4d) Importer(815301076,1909f56bfc062723c751e8b465ee728b)  -> (artifact id: '74f186f86aaac00ca4adae22e54b8740') in 0.018334 seconds 
========================================================================
Received Import Request.
  Time since last request: 0.000040 seconds.
  path: Assets/AurynSky/Gems Ultimate Pack/Models/CubieBeveled.fbx
  artifactKey: Guid(6579b708f10e00c448d8ddbc06ba95fe) Importer(815301076,1909f56bfc062723c751e8b465ee728b)
Start importing Assets/AurynSky/Gems Ultimate Pack/Models/CubieBeveled.fbx using Guid(6579b708f10e00c448d8ddbc06ba95fe) Importer(815301076,1909f56bfc062723c751e8b465ee728b)  -> (artifact id: '23a5de0b971302654c34fe1848661838') in 0.020394 seconds 
========================================================================
Received Import Request.
  Time since last request: 1.422694 seconds.
  path: Assets/AurynSky/Gems Ultimate Pack/Materials/BG.mat
  artifactKey: Guid(5c623d53aca45c44586ec2d14fef488e) Importer(815301076,1909f56bfc062723c751e8b465ee728b)
Start importing Assets/AurynSky/Gems Ultimate Pack/Materials/BG.mat using Guid(5c623d53aca45c44586ec2d14fef488e) Importer(815301076,1909f56bfc062723c751e8b465ee728b)  -> (artifact id: '98fdbaa382ea51d718ced9bdd319dc64') in 0.013341 seconds 
========================================================================
Received Import Request.
  Time since last request: 0.000024 seconds.
  path: Assets/AurynSky/Gems Ultimate Pack/Materials/Green.mat
  artifactKey: Guid(efe6fc25350958c479cd9fcde7e565f9) Importer(815301076,1909f56bfc062723c751e8b465ee728b)
Start importing Assets/AurynSky/Gems Ultimate Pack/Materials/Green.mat using Guid(efe6fc25350958c479cd9fcde7e565f9) Importer(815301076,1909f56bfc062723c751e8b465ee728b)  -> (artifact id: 'd204795670c50391c143a2fbf46a07fd') in 0.014747 seconds 
========================================================================
Received Import Request.
  Time since last request: 0.000023 seconds.
  path: Assets/AurynSky/Gems Ultimate Pack/Materials/Material.mat
  artifactKey: Guid(a5ab27f24d140594197755b8c9ee7179) Importer(815301076,1909f56bfc062723c751e8b465ee728b)
Start importing Assets/AurynSky/Gems Ultimate Pack/Materials/Material.mat using Guid(a5ab27f24d140594197755b8c9ee7179) Importer(815301076,1909f56bfc062723c751e8b465ee728b)  -> (artifact id: '191cbf264d9f3f6af3686d3200838cfe') in 0.015380 seconds 
========================================================================
Received Import Request.
  Time since last request: 0.000028 seconds.
  path: Assets/AurynSky/Gems Ultimate Pack/Materials/Pink.mat
  artifactKey: Guid(34a2d4fc8f422c345a4cc739f3ee3b81) Importer(815301076,1909f56bfc062723c751e8b465ee728b)
Start importing Assets/AurynSky/Gems Ultimate Pack/Materials/Pink.mat using Guid(34a2d4fc8f422c345a4cc739f3ee3b81) Importer(815301076,1909f56bfc062723c751e8b465ee728b)  -> (artifact id: '2afe73f8888cec8cb2838b36a895ced8') in 0.015653 seconds 
========================================================================
Received Import Request.
  Time since last request: 1.694225 seconds.
  path: Assets/AurynSky/Gems Ultimate Pack/Scripts
  artifactKey: Guid(312e227292ca3a2438c1eb6bb6b3213f) Importer(815301076,1909f56bfc062723c751e8b465ee728b)
Start importing Assets/AurynSky/Gems Ultimate Pack/Scripts using Guid(312e227292ca3a2438c1eb6bb6b3213f) Importer(815301076,1909f56bfc062723c751e8b465ee728b)  -> (artifact id: 'acf1a5ab0674283646101b4a15f16550') in 0.008704 seconds 
========================================================================
Received Import Request.
  Time since last request: 1.405864 seconds.
  path: Assets/AurynSky/Gems Ultimate Pack/Scenes
  artifactKey: Guid(a05f34efd1b405249aebe61e1bf05a0b) Importer(815301076,1909f56bfc062723c751e8b465ee728b)
Start importing Assets/AurynSky/Gems Ultimate Pack/Scenes using Guid(a05f34efd1b405249aebe61e1bf05a0b) Importer(815301076,1909f56bfc062723c751e8b465ee728b)  -> (artifact id: '18282a795380fe5ed4fa7b8a91dfdabe') in 0.008290 seconds 
========================================================================
Received Import Request.
  Time since last request: 2.249375 seconds.
  path: Assets/AurynSky/Gems Ultimate Pack/READ ME.txt
  artifactKey: Guid(840b49afa8ebe0045a4d90b723c1a786) Importer(815301076,1909f56bfc062723c751e8b465ee728b)
Start importing Assets/AurynSky/Gems Ultimate Pack/READ ME.txt using Guid(840b49afa8ebe0045a4d90b723c1a786) Importer(815301076,1909f56bfc062723c751e8b465ee728b)  -> (artifact id: 'def09e3577e88b9456c4fb207f8a65af') in 0.014376 seconds 
========================================================================
Received Import Request.
  Time since last request: 116.348246 seconds.
  path: Assets/Hand Paint Flowers/Models
  artifactKey: Guid(41e1c703ca630944798a59ce86f3dc87) Importer(815301076,1909f56bfc062723c751e8b465ee728b)
Start importing Assets/Hand Paint Flowers/Models using Guid(41e1c703ca630944798a59ce86f3dc87) Importer(815301076,1909f56bfc062723c751e8b465ee728b)  -> (artifact id: 'dac6e76a7e1c8c3ae43d54aa3c2082aa') in 0.002451 seconds 
========================================================================
Received Import Request.
  Time since last request: 2.320998 seconds.
  path: Assets/Hand Paint Flowers/Models/HPF
  artifactKey: Guid(27d909122b0e3f14da0382a39ae93834) Importer(815301076,1909f56bfc062723c751e8b465ee728b)
Start importing Assets/Hand Paint Flowers/Models/HPF using Guid(27d909122b0e3f14da0382a39ae93834) Importer(815301076,1909f56bfc062723c751e8b465ee728b)  -> (artifact id: '8f4c6c37a9556aeb7ccee555c4212839') in 0.008816 seconds 
========================================================================
Received Import Request.
  Time since last request: 0.964439 seconds.
  path: Assets/Hand Paint Flowers/Models/HPF/Flowers
  artifactKey: Guid(9e5ec82176446ca4ba74e015ca22c92a) Importer(815301076,1909f56bfc062723c751e8b465ee728b)
Start importing Assets/Hand Paint Flowers/Models/HPF/Flowers using Guid(9e5ec82176446ca4ba74e015ca22c92a) Importer(815301076,1909f56bfc062723c751e8b465ee728b)  -> (artifact id: '7e9d185b0aafbfce8bed9787685b77e2') in 0.001959 seconds 
========================================================================
Received Import Request.
  Time since last request: 0.071447 seconds.
  path: Assets/Hand Paint Flowers/Models/HPF/Flowers/Flowers 1.01.fbx
  artifactKey: Guid(605d696dac5fe144ca81b25b4d8ad6b9) Importer(815301076,1909f56bfc062723c751e8b465ee728b)
Start importing Assets/Hand Paint Flowers/Models/HPF/Flowers/Flowers 1.01.fbx using Guid(605d696dac5fe144ca81b25b4d8ad6b9) Importer(815301076,1909f56bfc062723c751e8b465ee728b)  -> (artifact id: '6884ad32da21640d755dc7980183da42') in 0.019593 seconds 
========================================================================
Received Import Request.
  Time since last request: 0.000025 seconds.
  path: Assets/Hand Paint Flowers/Models/HPF/Flowers/Flowers 1.05.fbx
  artifactKey: Guid(7b63637e6ac0cec47b41053ad23864d2) Importer(815301076,1909f56bfc062723c751e8b465ee728b)
Start importing Assets/Hand Paint Flowers/Models/HPF/Flowers/Flowers 1.05.fbx using Guid(7b63637e6ac0cec47b41053ad23864d2) Importer(815301076,1909f56bfc062723c751e8b465ee728b)  -> (artifact id: 'e49e877a86924b87b91e93dcd7b9ead2') in 0.019774 seconds 
========================================================================
Received Import Request.
  Time since last request: 0.000031 seconds.
  path: Assets/Hand Paint Flowers/Models/HPF/Flowers/Flowers 1.10.fbx
  artifactKey: Guid(d7bad3a70d5058943abb62e319f11366) Importer(815301076,1909f56bfc062723c751e8b465ee728b)
Start importing Assets/Hand Paint Flowers/Models/HPF/Flowers/Flowers 1.10.fbx using Guid(d7bad3a70d5058943abb62e319f11366) Importer(815301076,1909f56bfc062723c751e8b465ee728b)  -> (artifact id: 'c27b08ce890f73c0061d35585e5d3185') in 0.022875 seconds 
========================================================================
Received Import Request.
  Time since last request: 0.000026 seconds.
  path: Assets/Hand Paint Flowers/Models/HPF/Flowers/Flowers 1.13.fbx
  artifactKey: Guid(1ef66fc3f5b2e894289c0d15102e8cb5) Importer(815301076,1909f56bfc062723c751e8b465ee728b)
Start importing Assets/Hand Paint Flowers/Models/HPF/Flowers/Flowers 1.13.fbx using Guid(1ef66fc3f5b2e894289c0d15102e8cb5) Importer(815301076,1909f56bfc062723c751e8b465ee728b)  -> (artifact id: '4e1ef7f94eccbb87de6bc59493e802bb') in 0.019072 seconds 
========================================================================
Received Import Request.
  Time since last request: 0.000037 seconds.
  path: Assets/Hand Paint Flowers/Models/HPF/Flowers/Flowers 1.09.fbx
  artifactKey: Guid(61f627040389ad54086c6eaa65bfa24e) Importer(815301076,1909f56bfc062723c751e8b465ee728b)
Start importing Assets/Hand Paint Flowers/Models/HPF/Flowers/Flowers 1.09.fbx using Guid(61f627040389ad54086c6eaa65bfa24e) Importer(815301076,1909f56bfc062723c751e8b465ee728b)  -> (artifact id: '1bbb4855a5dfb9c5b599217118756a73') in 0.022032 seconds 
========================================================================
Received Import Request.
  Time since last request: 0.000027 seconds.
  path: Assets/Hand Paint Flowers/Models/HPF/Flowers/Flowers 1.08.fbx
  artifactKey: Guid(6dd9b6a6988790849941ad675aa47029) Importer(815301076,1909f56bfc062723c751e8b465ee728b)
Start importing Assets/Hand Paint Flowers/Models/HPF/Flowers/Flowers 1.08.fbx using Guid(6dd9b6a6988790849941ad675aa47029) Importer(815301076,1909f56bfc062723c751e8b465ee728b)  -> (artifact id: '6e6e30b9027d2f71a95abe549811f0a0') in 0.020566 seconds 
========================================================================
Received Import Request.
  Time since last request: 0.000027 seconds.
  path: Assets/Hand Paint Flowers/Models/HPF/Flowers/Flowers 1.12.fbx
  artifactKey: Guid(801595a9ec5fe964c948a5c04b25c843) Importer(815301076,1909f56bfc062723c751e8b465ee728b)
Start importing Assets/Hand Paint Flowers/Models/HPF/Flowers/Flowers 1.12.fbx using Guid(801595a9ec5fe964c948a5c04b25c843) Importer(815301076,1909f56bfc062723c751e8b465ee728b)  -> (artifact id: '3bf7abfc3ef0f88d12f857636d73ae28') in 0.020939 seconds 
========================================================================
Received Import Request.
  Time since last request: 33.845510 seconds.
  path: Assets/Hand Paint Flowers/Shader/HPF
  artifactKey: Guid(f603362800e78da4b9faf1e08950f208) Importer(815301076,1909f56bfc062723c751e8b465ee728b)
Start importing Assets/Hand Paint Flowers/Shader/HPF using Guid(f603362800e78da4b9faf1e08950f208) Importer(815301076,1909f56bfc062723c751e8b465ee728b)  -> (artifact id: 'e17f3b78c918b09e854b6c773725ed97') in 0.002423 seconds 
========================================================================
Received Import Request.
  Time since last request: 81438.990327 seconds.
  path: Assets/Jonathan Foust
  artifactKey: Guid(adce7825f043ba349acd9dd04402ee5b) Importer(815301076,1909f56bfc062723c751e8b465ee728b)
Start importing Assets/Jonathan Foust using Guid(adce7825f043ba349acd9dd04402ee5b) Importer(815301076,1909f56bfc062723c751e8b465ee728b)  -> (artifact id: 'cdf01ea49623c9e27baa17d6174a7ed5') in 0.021529 seconds 
========================================================================
Received Import Request.
  Time since last request: 10.683827 seconds.
  path: Assets/Polytope Studio/Lowpoly_Demos/Environment_Free/Helpers/NewLayer.terrainlayer
  artifactKey: Guid(3e187d0b3cff71c4692f783682a60e8f) Importer(815301076,1909f56bfc062723c751e8b465ee728b)
Start importing Assets/Polytope Studio/Lowpoly_Demos/Environment_Free/Helpers/NewLayer.terrainlayer using Guid(3e187d0b3cff71c4692f783682a60e8f) Importer(815301076,1909f56bfc062723c751e8b465ee728b)  -> (artifact id: '337299c8d618bcdeb95530d46f05ef42') in 1.419474 seconds 
========================================================================
Received Import Request.
  Time since last request: 6.901292 seconds.
  path: Assets/Polytope Studio/Lowpoly_Village
  artifactKey: Guid(9c4cb87f53ebd5c468c413df16c5ea33) Importer(815301076,1909f56bfc062723c751e8b465ee728b)
Start importing Assets/Polytope Studio/Lowpoly_Village using Guid(9c4cb87f53ebd5c468c413df16c5ea33) Importer(815301076,1909f56bfc062723c751e8b465ee728b)  -> (artifact id: '6db2833e269033c6eebc799209eaf1a1') in 0.007619 seconds 
========================================================================
Received Import Request.
  Time since last request: 1.031262 seconds.
  path: Assets/Polytope Studio/Lowpoly_Village/Prefabs
  artifactKey: Guid(46df1f2d8eb22a64fb03812d24ea1ffd) Importer(815301076,1909f56bfc062723c751e8b465ee728b)
Start importing Assets/Polytope Studio/Lowpoly_Village/Prefabs using Guid(46df1f2d8eb22a64fb03812d24ea1ffd) Importer(815301076,1909f56bfc062723c751e8b465ee728b)  -> (artifact id: '38a1baba0ed3d0340a1351f4e4664f3d') in 0.008585 seconds 
========================================================================
Received Import Request.
  Time since last request: 0.713023 seconds.
  path: Assets/Polytope Studio/Lowpoly_Village/Prefabs/PT_Modular_Fence_Wood_01.prefab
  artifactKey: Guid(21a364ddeffc797439f2a5721660b0e6) Importer(815301076,1909f56bfc062723c751e8b465ee728b)
Start importing Assets/Polytope Studio/Lowpoly_Village/Prefabs/PT_Modular_Fence_Wood_01.prefab using Guid(21a364ddeffc797439f2a5721660b0e6) Importer(815301076,1909f56bfc062723c751e8b465ee728b)  -> (artifact id: '18cc0b76f6ac2232ab14ebf4b6b66cc3') in 0.075261 seconds 
========================================================================
Received Import Request.
  Time since last request: 0.000030 seconds.
  path: Assets/Polytope Studio/Lowpoly_Village/Prefabs/PT_Wooden_Bridge_02.prefab
  artifactKey: Guid(29c774dacdcc73240b0c71228fdc6f2c) Importer(815301076,1909f56bfc062723c751e8b465ee728b)
Start importing Assets/Polytope Studio/Lowpoly_Village/Prefabs/PT_Wooden_Bridge_02.prefab using Guid(29c774dacdcc73240b0c71228fdc6f2c) Importer(815301076,1909f56bfc062723c751e8b465ee728b)  -> (artifact id: '1100b14742cc855b1d7c7eb0be684d32') in 0.030687 seconds 
========================================================================
Received Import Request.
  Time since last request: 0.000037 seconds.
  path: Assets/Polytope Studio/Lowpoly_Village/Prefabs/PT_Modular_Gate_Wood_01.prefab
  artifactKey: Guid(5db93e6325024c749aa2663b9998053d) Importer(815301076,1909f56bfc062723c751e8b465ee728b)
Start importing Assets/Polytope Studio/Lowpoly_Village/Prefabs/PT_Modular_Gate_Wood_01.prefab using Guid(5db93e6325024c749aa2663b9998053d) Importer(815301076,1909f56bfc062723c751e8b465ee728b)  -> (artifact id: '9b96439f9df80fb097e290b03b235ea0') in 0.029284 seconds 
========================================================================
Received Import Request.
  Time since last request: 0.000044 seconds.
  path: Assets/Polytope Studio/Lowpoly_Village/Prefabs/PT_Modular_Fence_Wood_03.prefab
  artifactKey: Guid(2c59246f075efff4eacdd481ad75421a) Importer(815301076,1909f56bfc062723c751e8b465ee728b)
Start importing Assets/Polytope Studio/Lowpoly_Village/Prefabs/PT_Modular_Fence_Wood_03.prefab using Guid(2c59246f075efff4eacdd481ad75421a) Importer(815301076,1909f56bfc062723c751e8b465ee728b)  -> (artifact id: '1cab00daf0ce6f9f8fe4b3c2f291a0cb') in 0.027241 seconds 
Editor requested this worker to shutdown with reason: Scaling down because of idle timeout
AssetImportWorker is now disconnected from the server
Process exiting
Exiting without the bug reporter. Application will terminate with return code 0